This is pdfTeX, Version 3.14159265-2.6-1.40.21 (MiKTeX 2.9.7300 64-bit) (preloaded format=pdflatex 2020.3.3)  4 MAR 2020 22:18
entering extended mode
**./Master.tex
(Master.tex
LaTeX2e <2020-02-02> patch level 5
L3 programming layer <2020-02-25>
("C:\Program Files\MiKTeX 2.9\tex/latex/base\book.cls"
Document Class: book 2019/12/20 v1.4l Standard LaTeX document class
("C:\Program Files\MiKTeX 2.9\tex/latex/base\bk12.clo"
File: bk12.clo 2019/12/20 v1.4l Standard LaTeX file (size option)
)
\c@part=\count167
\c@chapter=\count168
\c@section=\count169
\c@subsection=\count170
\c@subsubsection=\count171
\c@paragraph=\count172
\c@subparagraph=\count173
\c@figure=\count174
\c@table=\count175
\abovecaptionskip=\skip47
\belowcaptionskip=\skip48
\bibindent=\dimen134
)
("C:\Program Files\MiKTeX 2.9\tex/latex/graphics\graphicx.sty"
Package: graphicx 2019/11/30 v1.2a Enhanced LaTeX Graphics (DPC,SPQR)

("C:\Program Files\MiKTeX 2.9\tex/latex/graphics\keyval.sty"
Package: keyval 2014/10/28 v1.15 key=value parser (DPC)
\KV@toks@=\toks15
)
("C:\Program Files\MiKTeX 2.9\tex/latex/graphics\graphics.sty"
Package: graphics 2019/11/30 v1.4a Standard LaTeX Graphics (DPC,SPQR)

("C:\Program Files\MiKTeX 2.9\tex/latex/graphics\trig.sty"
Package: trig 2016/01/03 v1.10 sin cos tan (DPC)
)
("C:\Program Files\MiKTeX 2.9\tex/latex/graphics-cfg\graphics.cfg"
File: graphics.cfg 2016/06/04 v1.11 sample graphics configuration
)
Package graphics Info: Driver file: pdftex.def on input line 105.

("C:\Program Files\MiKTeX 2.9\tex/latex/graphics-def\pdftex.def"
File: pdftex.def 2018/01/08 v1.0l Graphics/color driver for pdftex
))
\Gin@req@height=\dimen135
\Gin@req@width=\dimen136
)
(C:\Users\Aldo\AppData\Roaming\MiKTeX\2.9\tex/latex/nomencl\nomencl.sty
Package: nomencl 2019/11/23 v5.3 Nomenclature package

("C:\Program Files\MiKTeX 2.9\tex/latex/xkeyval\xkeyval.sty"
Package: xkeyval 2014/12/03 v2.7a package option processing (HA)

("C:\Program Files\MiKTeX 2.9\tex/generic/xkeyval\xkeyval.tex"
("C:\Program Files\MiKTeX 2.9\tex/generic/xkeyval\xkvutils.tex"
\XKV@toks=\toks16
\XKV@tempa@toks=\toks17
)
\XKV@depth=\count176
File: xkeyval.tex 2014/12/03 v2.7a key=value parser (HA)
))
("C:\Program Files\MiKTeX 2.9\tex/latex/base\ifthen.sty"
Package: ifthen 2014/09/29 v1.1c Standard LaTeX ifthen package (DPC)
)
(C:\Users\Aldo\AppData\Roaming\MiKTeX\2.9\tex/latex/koma-script\tocbasic.sty
Package: tocbasic 2020/01/24 v3.29 KOMA-Script package (handling toc-files)

(C:\Users\Aldo\AppData\Roaming\MiKTeX\2.9\tex/latex/koma-script\scrbase.sty
Package: scrbase 2020/01/24 v3.29 KOMA-Script package (KOMA-Script-independent 
basics and keyval usage)

(C:\Users\Aldo\AppData\Roaming\MiKTeX\2.9\tex/latex/koma-script\scrlfile.sty
Package: scrlfile 2020/01/24 v3.29 KOMA-Script package (loading files)
))
\scr@dte@tocline@numberwidth=\skip49
\scr@dte@tocline@numbox=\box45
)
Package tocbasic Info: setting babel extension for `nlo' on input line 163.
Package tocbasic Info: setting babel extension for `nls' on input line 164.
\nomlabelwidth=\dimen137
\nom@tempdim=\dimen138
\nomitemsep=\skip50
) (C:\Users\Aldo\AppData\Roaming\MiKTeX\2.9\tex/latex/biblatex\biblatex.sty
Package: biblatex 2019/12/01 v3.14 programmable bibliographies (PK/MW)

(C:\Users\Aldo\AppData\Roaming\MiKTeX\2.9\tex/latex/pdftexcmds\pdftexcmds.sty
Package: pdftexcmds 2019/11/24 v0.31 Utility functions of pdfTeX for LuaTeX (HO
)

(C:\Users\Aldo\AppData\Roaming\MiKTeX\2.9\tex/generic/infwarerr\infwarerr.sty
Package: infwarerr 2019/12/03 v1.5 Providing info/warning/error messages (HO)
)
(C:\Users\Aldo\AppData\Roaming\MiKTeX\2.9\tex/generic/iftex\iftex.sty
Package: iftex 2019/11/07 v1.0c TeX engine tests
)
(C:\Users\Aldo\AppData\Roaming\MiKTeX\2.9\tex/generic/ltxcmds\ltxcmds.sty
Package: ltxcmds 2019/12/15 v1.24 LaTeX kernel commands for general use (HO)
)
Package pdftexcmds Info: \pdf@primitive is available.
Package pdftexcmds Info: \pdf@ifprimitive is available.
Package pdftexcmds Info: \pdfdraftmode found.
)
(C:\Users\Aldo\AppData\Roaming\MiKTeX\2.9\tex/latex/etoolbox\etoolbox.sty
Package: etoolbox 2019/09/21 v2.5h e-TeX tools for LaTeX (JAW)
\etb@tempcnta=\count177
)
(C:\Users\Aldo\AppData\Roaming\MiKTeX\2.9\tex/latex/kvoptions\kvoptions.sty
Package: kvoptions 2019/11/29 v3.13 Key value format for package options (HO)

(C:\Users\Aldo\AppData\Roaming\MiKTeX\2.9\tex/generic/kvsetkeys\kvsetkeys.sty
Package: kvsetkeys 2019/12/15 v1.18 Key value parser (HO)
)) (C:\Users\Aldo\AppData\Roaming\MiKTeX\2.9\tex/latex/logreq\logreq.sty
Package: logreq 2010/08/04 v1.0 xml request logger
\lrq@indent=\count178

(C:\Users\Aldo\AppData\Roaming\MiKTeX\2.9\tex/latex/logreq\logreq.def
File: logreq.def 2010/08/04 v1.0 logreq spec v1.0
))
(C:\Users\Aldo\AppData\Roaming\MiKTeX\2.9\tex/latex/url\url.sty
\Urlmuskip=\muskip16
Package: url 2013/09/16  ver 3.4  Verb mode for urls, etc.
)
\c@tabx@nest=\count179
\c@listtotal=\count180
\c@listcount=\count181
\c@liststart=\count182
\c@liststop=\count183
\c@citecount=\count184
\c@citetotal=\count185
\c@multicitecount=\count186
\c@multicitetotal=\count187
\c@instcount=\count188
\c@maxnames=\count189
\c@minnames=\count190
\c@maxitems=\count191
\c@minitems=\count192
\c@citecounter=\count193
\c@maxcitecounter=\count194
\c@savedcitecounter=\count195
\c@uniquelist=\count196
\c@uniquename=\count197
\c@refsection=\count198
\c@refsegment=\count199
\c@maxextratitle=\count266
\c@maxextratitleyear=\count267
\c@maxextraname=\count268
\c@maxextradate=\count269
\c@maxextraalpha=\count270
\c@abbrvpenalty=\count271
\c@highnamepenalty=\count272
\c@lownamepenalty=\count273
\c@maxparens=\count274
\c@parenlevel=\count275
\blx@tempcnta=\count276
\blx@tempcntb=\count277
\blx@tempcntc=\count278
\blx@maxsection=\count279
\blx@maxsegment@0=\count280
\blx@notetype=\count281
\blx@parenlevel@text=\count282
\blx@parenlevel@foot=\count283
\blx@sectionciteorder@0=\count284
\blx@entrysetcounter=\count285
\labelnumberwidth=\skip51
\labelalphawidth=\skip52
\biblabelsep=\skip53
\bibitemsep=\skip54
\bibnamesep=\skip55
\bibinitsep=\skip56
\bibparsep=\skip57
\bibhang=\skip58
\blx@bcfin=\read2
\blx@bcfout=\write3
\blx@langwohyphens=\language82
\c@mincomprange=\count286
\c@maxcomprange=\count287
\c@mincompwidth=\count288
Package biblatex Info: Trying to load biblatex default data model...
Package biblatex Info: ... file 'blx-dm.def' found.

(C:\Users\Aldo\AppData\Roaming\MiKTeX\2.9\tex/latex/biblatex\blx-dm.def
File: blx-dm.def 2019/12/01 v3.14 biblatex localization (PK/MW)
)
Package biblatex Info: Trying to load biblatex custom data model...
Package biblatex Info: ... file 'biblatex-dm.cfg' not found.
\c@afterword=\count289
\c@savedafterword=\count290
\c@annotator=\count291
\c@savedannotator=\count292
\c@author=\count293
\c@savedauthor=\count294
\c@bookauthor=\count295
\c@savedbookauthor=\count296
\c@commentator=\count297
\c@savedcommentator=\count298
\c@editor=\count299
\c@savededitor=\count300
\c@editora=\count301
\c@savededitora=\count302
\c@editorb=\count303
\c@savededitorb=\count304
\c@editorc=\count305
\c@savededitorc=\count306
\c@foreword=\count307
\c@savedforeword=\count308
\c@holder=\count309
\c@savedholder=\count310
\c@introduction=\count311
\c@savedintroduction=\count312
\c@namea=\count313
\c@savednamea=\count314
\c@nameb=\count315
\c@savednameb=\count316
\c@namec=\count317
\c@savednamec=\count318
\c@translator=\count319
\c@savedtranslator=\count320
\c@shortauthor=\count321
\c@savedshortauthor=\count322
\c@shorteditor=\count323
\c@savedshorteditor=\count324
\c@labelname=\count325
\c@savedlabelname=\count326
\c@institution=\count327
\c@savedinstitution=\count328
\c@lista=\count329
\c@savedlista=\count330
\c@listb=\count331
\c@savedlistb=\count332
\c@listc=\count333
\c@savedlistc=\count334
\c@listd=\count335
\c@savedlistd=\count336
\c@liste=\count337
\c@savedliste=\count338
\c@listf=\count339
\c@savedlistf=\count340
\c@location=\count341
\c@savedlocation=\count342
\c@organization=\count343
\c@savedorganization=\count344
\c@origlocation=\count345
\c@savedoriglocation=\count346
\c@origpublisher=\count347
\c@savedorigpublisher=\count348
\c@publisher=\count349
\c@savedpublisher=\count350
\c@language=\count351
\c@savedlanguage=\count352
\c@origlanguage=\count353
\c@savedoriglanguage=\count354
\c@pageref=\count355
\c@savedpageref=\count356
\shorthandwidth=\skip59
\shortjournalwidth=\skip60
\shortserieswidth=\skip61
\shorttitlewidth=\skip62
\shortauthorwidth=\skip63
\shorteditorwidth=\skip64
\locallabelnumberwidth=\skip65
\locallabelalphawidth=\skip66
\localshorthandwidth=\skip67
\localshortjournalwidth=\skip68
\localshortserieswidth=\skip69
\localshorttitlewidth=\skip70
\localshortauthorwidth=\skip71
\localshorteditorwidth=\skip72
Package biblatex Info: Trying to load compatibility code...
Package biblatex Info: ... file 'blx-compat.def' found.

(C:\Users\Aldo\AppData\Roaming\MiKTeX\2.9\tex/latex/biblatex\blx-compat.def
File: blx-compat.def 2019/12/01 v3.14 biblatex compatibility (PK/MW)
)
Package biblatex Info: Trying to load generic definitions...
Package biblatex Info: ... file 'biblatex.def' found.

(C:\Users\Aldo\AppData\Roaming\MiKTeX\2.9\tex/latex/biblatex\biblatex.def
File: biblatex.def 2019/12/01 v3.14 biblatex compatibility (PK/MW)
\c@textcitecount=\count357
\c@textcitetotal=\count358
\c@textcitemaxnames=\count359
\c@biburlbigbreakpenalty=\count360
\c@biburlbreakpenalty=\count361
\c@biburlnumpenalty=\count362
\c@biburlucpenalty=\count363
\c@biburllcpenalty=\count364
\biburlbigskip=\muskip17
\biburlnumskip=\muskip18
\biburlucskip=\muskip19
\biburllcskip=\muskip20
\c@smartand=\count365
)
Package biblatex Info: Trying to load bibliography style 'numeric'...
Package biblatex Info: ... file 'numeric.bbx' found.

(C:\Users\Aldo\AppData\Roaming\MiKTeX\2.9\tex/latex/biblatex/bbx\numeric.bbx
File: numeric.bbx 2019/12/01 v3.14 biblatex bibliography style (PK/MW)
Package biblatex Info: Trying to load bibliography style 'standard'...
Package biblatex Info: ... file 'standard.bbx' found.

(C:\Users\Aldo\AppData\Roaming\MiKTeX\2.9\tex/latex/biblatex/bbx\standard.bbx
File: standard.bbx 2019/12/01 v3.14 biblatex bibliography style (PK/MW)
\c@bbx:relatedcount=\count366
\c@bbx:relatedtotal=\count367
))
Package biblatex Info: Trying to load citation style 'numeric'...
Package biblatex Info: ... file 'numeric.cbx' found.
(C:\Users\Aldo\AppData\Roaming\MiKTeX\2.9\tex/latex/biblatex/cbx\numeric.cbx
File: numeric.cbx 2019/12/01 v3.14 biblatex citation style (PK/MW)
Package biblatex Info: Redefining '\cite'.
Package biblatex Info: Redefining '\parencite'.
Package biblatex Info: Redefining '\footcite'.
Package biblatex Info: Redefining '\footcitetext'.
Package biblatex Info: Redefining '\smartcite'.
Package biblatex Info: Redefining '\supercite'.
Package biblatex Info: Redefining '\textcite'.
Package biblatex Info: Redefining '\textcites'.
Package biblatex Info: Redefining '\cites'.
Package biblatex Info: Redefining '\parencites'.
Package biblatex Info: Redefining '\smartcites'.
)
Package biblatex Info: Trying to load configuration file...
Package biblatex Info: ... file 'biblatex.cfg' found.

(C:\Users\Aldo\AppData\Roaming\MiKTeX\2.9\tex/latex/biblatex\biblatex.cfg
File: biblatex.cfg 
))
(C:\Users\Aldo\AppData\Roaming\MiKTeX\2.9\tex/latex/caption\caption.sty
Package: caption 2020/01/03 v3.4h Customizing captions (AR)

(C:\Users\Aldo\AppData\Roaming\MiKTeX\2.9\tex/latex/caption\caption3.sty
Package: caption3 2020/01/03 v1.8h caption3 kernel (AR)
Package caption3 Info: TeX engine: e-TeX on input line 61.
\captionmargin=\dimen139
\captionmargin@=\dimen140
\captionwidth=\dimen141
\caption@tempdima=\dimen142
\caption@indent=\dimen143
\caption@parindent=\dimen144
\caption@hangindent=\dimen145
Package caption Info: Standard document class detected.
)
\c@caption@flags=\count368
\c@continuedfloat=\count369
)
(C:\Users\Aldo\AppData\Roaming\MiKTeX\2.9\tex/latex/fancyhdr\fancyhdr.sty
Package: fancyhdr 2019/01/31 v3.10 Extensive control of page headers and footer
s
\f@nch@headwidth=\skip73
\f@nch@O@elh=\skip74
\f@nch@O@erh=\skip75
\f@nch@O@olh=\skip76
\f@nch@O@orh=\skip77
\f@nch@O@elf=\skip78
\f@nch@O@erf=\skip79
\f@nch@O@olf=\skip80
\f@nch@O@orf=\skip81
)
("C:\Program Files\MiKTeX 2.9\tex/latex/geometry\geometry.sty"
Package: geometry 2020/01/02 v5.9 Page Geometry

(C:\Users\Aldo\AppData\Roaming\MiKTeX\2.9\tex/generic/iftex\ifvtex.sty
Package: ifvtex 2019/10/25 v1.7 ifvtex legacy package. Use iftex instead.
)
\Gm@cnth=\count370
\Gm@cntv=\count371
\c@Gm@tempcnt=\count372
\Gm@bindingoffset=\dimen146
\Gm@wd@mp=\dimen147
\Gm@odd@mp=\dimen148
\Gm@even@mp=\dimen149
\Gm@layoutwidth=\dimen150
\Gm@layoutheight=\dimen151
\Gm@layouthoffset=\dimen152
\Gm@layoutvoffset=\dimen153
\Gm@dimlist=\toks18

("C:\Program Files\MiKTeX 2.9\tex/latex/geometry\geometry.cfg"))
(C:\Users\Aldo\AppData\Roaming\MiKTeX\2.9\tex/generic/iftex\ifpdf.sty
Package: ifpdf 2019/10/25 v3.4 ifpdf legacy package. Use iftex instead.
)
("C:\Program Files\MiKTeX 2.9\tex/latex/base\inputenc.sty"
Package: inputenc 2018/08/11 v1.3c Input encoding file
\inpenc@prehook=\toks19
\inpenc@posthook=\toks20
)
("C:\Program Files\MiKTeX 2.9\tex/generic/babel\babel.sty"
Package: babel 2020/02/28 3.41 The Babel package

("C:\Program Files\MiKTeX 2.9\tex/generic/babel\switch.def"
File: switch.def 2020/02/28 3.41 Babel switching mechanism
)
*************************************
* Local config file bblopts.cfg used
*
(C:\Users\Aldo\AppData\Roaming\MiKTeX\2.9\tex/latex/arabi\bblopts.cfg
File: bblopts.cfg 2005/09/08 v0.1 add Arabic and Farsi to "declared" options of
 babel
)
("C:\Program Files\MiKTeX 2.9\tex/latex/babel-german\ngerman.ldf"
Language: ngerman 2018/12/08 v2.11 German support for babel (post-1996 orthogra
phy)

("C:\Program Files\MiKTeX 2.9\tex/latex/babel-german\ngermanb.ldf"
Language: ngermanb 2018/12/08 v2.11 German support for babel (post-1996 orthogr
aphy)

("C:\Program Files\MiKTeX 2.9\tex/generic/babel\babel.def"
File: babel.def 2020/02/28 3.41 Babel common definitions
\babel@savecnt=\count373
\U@D=\dimen154

("C:\Program Files\MiKTeX 2.9\tex/generic/babel\txtbabel.def")
\bbl@readstream=\read3
\bbl@dirlevel=\count374
)
Package babel Info: Making " an active character on input line 121.
)))
(C:\Users\Aldo\AppData\Roaming\MiKTeX\2.9\tex/latex/siunitx\siunitx.sty
(C:\Users\Aldo\AppData\Roaming\MiKTeX\2.9\tex/latex/l3kernel\expl3.sty
Package: expl3 2020-02-25 L3 programming layer (loader) 

("C:\Program Files\MiKTeX 2.9\tex/latex/l3backend\l3backend-pdfmode.def"
File: l3backend-pdfmode.def 2020-02-23 L3 backend support: PDF mode
\l__kernel_color_stack_int=\count375
\l__pdf_internal_box=\box46
))
(C:\Users\Aldo\AppData\Roaming\MiKTeX\2.9\tex/latex/l3packages/xparse\xparse.st
y
Package: xparse 2020-02-25 L3 Experimental document command parser
\l__xparse_current_arg_int=\count376
\g__xparse_grabber_int=\count377
\l__xparse_m_args_int=\count378
\l__xparse_v_nesting_int=\count379
)
Package: siunitx 2020/02/25 v2.8b A comprehensive (SI) units package
 ("C:\Program Files\MiKTeX 2.9\tex/latex/amsmath\amstext.sty"
Package: amstext 2000/06/29 v2.01 AMS text

("C:\Program Files\MiKTeX 2.9\tex/latex/amsmath\amsgen.sty"
File: amsgen.sty 1999/11/30 v2.0 generic functions
\@emptytoks=\toks21
\ex@=\dimen155
))
("C:\Program Files\MiKTeX 2.9\tex/latex/tools\array.sty"
Package: array 2019/08/31 v2.4l Tabular extension package (FMi)
\col@sep=\dimen156
\ar@mcellbox=\box47
\extrarowheight=\dimen157
\NC@list=\toks22
\extratabsurround=\skip82
\backup@length=\skip83
\ar@cellbox=\box48
)
(C:\Users\Aldo\AppData\Roaming\MiKTeX\2.9\tex/latex/l3packages/l3keys2e\l3keys2
e.sty
Package: l3keys2e 2020-02-25 LaTeX2e option processing using LaTeX3 keys
)
\l__siunitx_tmp_box=\box49
\l__siunitx_tmp_dim=\dimen158
\l__siunitx_tmp_int=\count380
\l__siunitx_number_mantissa_length_int=\count381
\l__siunitx_number_uncert_length_int=\count382
\l__siunitx_round_int=\count383
\l__siunitx_process_decimal_int=\count384
\l__siunitx_process_uncertainty_int=\count385
\l__siunitx_process_fixed_int=\count386
\l__siunitx_process_integer_min_int=\count387
\l__siunitx_process_precision_int=\count388
\l__siunitx_group_min_int=\count389
\l__siunitx_angle_marker_box=\box50
\l__siunitx_angle_unit_box=\box51
\l__siunitx_angle_marker_dim=\dimen159
\l__siunitx_angle_unit_dim=\dimen160
\l__siunitx_unit_int=\count390
\l__siunitx_unit_denominator_int=\count391
\l__siunitx_unit_numerator_int=\count392
\l__siunitx_unit_prefix_int=\count393
\l__siunitx_unit_prefix_base_int=\count394
\l__siunitx_unit_prefix_gram_int=\count395
\l__siunitx_number_product_int=\count396
\c__siunitx_one_fill_skip=\skip84
\l__siunitx_table_unit_align_skip=\skip85
\l__siunitx_table_exponent_dim=\dimen161
\l__siunitx_table_integer_dim=\dimen162
\l__siunitx_table_mantissa_dim=\dimen163
\l__siunitx_table_marker_dim=\dimen164
\l__siunitx_table_result_dim=\dimen165
\l__siunitx_table_uncert_dim=\dimen166
\l__siunitx_table_fill_pre_dim=\dimen167
\l__siunitx_table_fill_post_dim=\dimen168
\l__siunitx_table_fill_mid_dim=\dimen169
\l__siunitx_table_pre_box=\box52
\l__siunitx_table_post_box=\box53
\l__siunitx_table_mantissa_box=\box54
\l__siunitx_table_result_box=\box55
\l__siunitx_table_number_align_skip=\skip86
\l__siunitx_table_text_align_skip=\skip87

(C:\Users\Aldo\AppData\Roaming\MiKTeX\2.9\tex/latex/translator\translator.sty
Package: translator 2019-05-31 v1.12a Easy translation of strings in LaTeX
)) (C:\Users\Aldo\AppData\Roaming\MiKTeX\2.9\tex/latex/pdflscape\pdflscape.sty
Package: pdflscape 2019/12/05 v0.12 Display of landscape pages in PDF (HO)

("C:\Program Files\MiKTeX 2.9\tex/latex/graphics\lscape.sty"
Package: lscape 2000/10/22 v3.01 Landscape Pages (DPC)
)
Package pdflscape Info: Auto-detected driver: pdftex on input line 81.
)
(C:\Users\Aldo\AppData\Roaming\MiKTeX\2.9\tex/latex/pdfpages\pdfpages.sty
Package: pdfpages 2020/01/28 v0.5q Insert pages of external PDF documents (AM)

("C:\Program Files\MiKTeX 2.9\tex/latex/tools\calc.sty"
Package: calc 2017/05/25 v4.3 Infix arithmetic (KKT,FJ)
\calc@Acount=\count397
\calc@Bcount=\count398
\calc@Adimen=\dimen170
\calc@Bdimen=\dimen171
\calc@Askip=\skip88
\calc@Bskip=\skip89
LaTeX Info: Redefining \setlength on input line 80.
LaTeX Info: Redefining \addtolength on input line 81.
\calc@Ccount=\count399
\calc@Cskip=\skip90
)
(C:\Users\Aldo\AppData\Roaming\MiKTeX\2.9\tex/latex/eso-pic\eso-pic.sty
Package: eso-pic 2018/04/12 v2.0h eso-pic (RN)

(C:\Users\Aldo\AppData\Roaming\MiKTeX\2.9\tex/generic/atbegshi\atbegshi.sty
Package: atbegshi 2019/12/05 v1.19 At begin shipout hook (HO)
)
(C:\Users\Aldo\AppData\Roaming\MiKTeX\2.9\tex/latex/xcolor\xcolor.sty
Package: xcolor 2016/05/11 v2.12 LaTeX color extensions (UK)

("C:\Program Files\MiKTeX 2.9\tex/latex/graphics-cfg\color.cfg"
File: color.cfg 2016/01/02 v1.6 sample color configuration
)
Package xcolor Info: Driver file: pdftex.def on input line 225.
Package xcolor Info: Model `cmy' substituted by `cmy0' on input line 1348.
Package xcolor Info: Model `hsb' substituted by `rgb' on input line 1352.
Package xcolor Info: Model `RGB' extended on input line 1364.
Package xcolor Info: Model `HTML' substituted by `rgb' on input line 1366.
Package xcolor Info: Model `Hsb' substituted by `hsb' on input line 1367.
Package xcolor Info: Model `tHsb' substituted by `hsb' on input line 1368.
Package xcolor Info: Model `HSB' substituted by `hsb' on input line 1369.
Package xcolor Info: Model `Gray' substituted by `gray' on input line 1370.
Package xcolor Info: Model `wave' substituted by `hsb' on input line 1371.
))
\AM@pagewidth=\dimen172
\AM@pageheight=\dimen173

(C:\Users\Aldo\AppData\Roaming\MiKTeX\2.9\tex/latex/pdfpages\pppdftex.def
File: pppdftex.def 2020/01/28 v0.5q Pdfpages driver for pdfTeX (AM)
)
\AM@pagebox=\box56
\AM@global@opts=\toks23
\AM@pagecnt=\count400
\AM@toc@title=\toks24
\c@AM@survey=\count401
\AM@templatesizebox=\box57
)
("C:\Program Files\MiKTeX 2.9\tex/latex/tools\longtable.sty"
Package: longtable 2020/01/07 v4.13 Multi-page Table package (DPC)
\LTleft=\skip91
\LTright=\skip92
\LTpre=\skip93
\LTpost=\skip94
\LTchunksize=\count402
\LTcapwidth=\dimen174
\LT@head=\box58
\LT@firsthead=\box59
\LT@foot=\box60
\LT@lastfoot=\box61
\LT@cols=\count403
\LT@rows=\count404
\c@LT@tables=\count405
\c@LT@chunks=\count406
\LT@p@ftn=\toks25
)
("C:\Program Files\MiKTeX 2.9\tex/latex/hyperref\hyperref.sty"
Package: hyperref 2020/01/14 v7.00d Hypertext links for LaTeX

(C:\Users\Aldo\AppData\Roaming\MiKTeX\2.9\tex/generic/kvdefinekeys\kvdefinekeys
.sty
Package: kvdefinekeys 2019-12-19 v1.6 Define keys (HO)
)
(C:\Users\Aldo\AppData\Roaming\MiKTeX\2.9\tex/generic/pdfescape\pdfescape.sty
Package: pdfescape 2019/12/09 v1.15 Implements pdfTeX's escape features (HO)
)
(C:\Users\Aldo\AppData\Roaming\MiKTeX\2.9\tex/latex/hycolor\hycolor.sty
Package: hycolor 2020-01-27 v1.10 Color options for hyperref/bookmark (HO)
)
(C:\Users\Aldo\AppData\Roaming\MiKTeX\2.9\tex/latex/letltxmacro\letltxmacro.sty
Package: letltxmacro 2019/12/03 v1.6 Let assignment for LaTeX macros (HO)
) (C:\Users\Aldo\AppData\Roaming\MiKTeX\2.9\tex/latex/auxhook\auxhook.sty
Package: auxhook 2019-12-17 v1.6 Hooks for auxiliary files (HO)
)
\@linkdim=\dimen175
\Hy@linkcounter=\count407
\Hy@pagecounter=\count408

("C:\Program Files\MiKTeX 2.9\tex/latex/hyperref\pd1enc.def"
File: pd1enc.def 2020/01/14 v7.00d Hyperref: PDFDocEncoding definition (HO)
Now handling font encoding PD1 ...
... no UTF-8 mapping file for font encoding PD1
)
(C:\Users\Aldo\AppData\Roaming\MiKTeX\2.9\tex/generic/intcalc\intcalc.sty
Package: intcalc 2019/12/15 v1.3 Expandable calculations with integers (HO)
)
(C:\Users\Aldo\AppData\Roaming\MiKTeX\2.9\tex/generic/etexcmds\etexcmds.sty
Package: etexcmds 2019/12/15 v1.7 Avoid name clashes with e-TeX commands (HO)
)
\Hy@SavedSpaceFactor=\count409
Package hyperref Info: Hyper figures OFF on input line 4547.
Package hyperref Info: Link nesting OFF on input line 4552.
Package hyperref Info: Hyper index ON on input line 4555.
Package hyperref Info: Plain pages OFF on input line 4562.
Package hyperref Info: Backreferencing OFF on input line 4567.
Package hyperref Info: Implicit mode ON; LaTeX internals redefined.
Package hyperref Info: Bookmarks ON on input line 4800.
\c@Hy@tempcnt=\count410
LaTeX Info: Redefining \url on input line 5159.
\XeTeXLinkMargin=\dimen176

(C:\Users\Aldo\AppData\Roaming\MiKTeX\2.9\tex/generic/bitset\bitset.sty
Package: bitset 2019/12/09 v1.3 Handle bit-vector datatype (HO)

(C:\Users\Aldo\AppData\Roaming\MiKTeX\2.9\tex/generic/bigintcalc\bigintcalc.sty
Package: bigintcalc 2019/12/15 v1.5 Expandable calculations on big integers (HO
)
))
\Fld@menulength=\count411
\Field@Width=\dimen177
\Fld@charsize=\dimen178
Package hyperref Info: Hyper figures OFF on input line 6430.
Package hyperref Info: Link nesting OFF on input line 6435.
Package hyperref Info: Hyper index ON on input line 6438.
Package hyperref Info: backreferencing OFF on input line 6445.
Package hyperref Info: Link coloring OFF on input line 6450.
Package hyperref Info: Link coloring with OCG OFF on input line 6455.
Package hyperref Info: PDF/A mode OFF on input line 6460.
LaTeX Info: Redefining \ref on input line 6500.
LaTeX Info: Redefining \pageref on input line 6504.
\Hy@abspage=\count412
\c@Item=\count413
\c@Hfootnote=\count414
)
Package hyperref Info: Driver (autodetected): hpdftex.
 ("C:\Program Files\MiKTeX 2.9\tex/latex/hyperref\hpdftex.def"
File: hpdftex.def 2020/01/14 v7.00d Hyperref driver for pdfTeX

(C:\Users\Aldo\AppData\Roaming\MiKTeX\2.9\tex/latex/atveryend\atveryend.sty
Package: atveryend 2019-12-11 v1.11 Hooks at the very end of document (HO)
)
\Fld@listcount=\count415
\c@bookmark@seq@number=\count416

(C:\Users\Aldo\AppData\Roaming\MiKTeX\2.9\tex/latex/rerunfilecheck\rerunfileche
ck.sty
Package: rerunfilecheck 2019/12/05 v1.9 Rerun checks for auxiliary files (HO)

(C:\Users\Aldo\AppData\Roaming\MiKTeX\2.9\tex/generic/uniquecounter\uniquecount
er.sty
Package: uniquecounter 2019/12/15 v1.4 Provide unlimited unique counter (HO)
)
Package uniquecounter Info: New unique counter `rerunfilecheck' on input line 2
86.
)
\Hy@SectionHShift=\skip95
)
(C:\Users\Aldo\AppData\Roaming\MiKTeX\2.9\tex/latex/mdwtools\footnote.sty
Package: footnote 1997/01/28 1.13 Save footnotes around boxes
\fn@notes=\box62
\fn@width=\dimen179
)
(C:\Users\Aldo\AppData\Roaming\MiKTeX\2.9\tex/latex/transparent\transparent.sty
Package: transparent 2019/11/29 v1.4 Transparency via pdfTeX's color stack (HO)

) (C:\Users\Aldo\AppData\Roaming\MiKTeX\2.9\tex/latex/lastpage\lastpage.sty
Package: lastpage 2015/03/29 v1.2m Refers to last page's name (HMM; JPG)
)
("C:\Program Files\MiKTeX 2.9\tex/latex/float\float.sty"
Package: float 2001/11/08 v1.3d Float enhancements (AL)
\c@float@type=\count417
\float@exts=\toks26
\float@box=\box63
\@float@everytoks=\toks27
\@floatcapt=\box64
)
(C:\Users\Aldo\AppData\Roaming\MiKTeX\2.9\tex/latex/listings\listings.sty
\lst@mode=\count418
\lst@gtempboxa=\box65
\lst@token=\toks28
\lst@length=\count419
\lst@currlwidth=\dimen180
\lst@column=\count420
\lst@pos=\count421
\lst@lostspace=\dimen181
\lst@width=\dimen182
\lst@newlines=\count422
\lst@lineno=\count423
\lst@maxwidth=\dimen183

(C:\Users\Aldo\AppData\Roaming\MiKTeX\2.9\tex/latex/listings\lstmisc.sty
File: lstmisc.sty 2019/09/10 1.8c (Carsten Heinz)
\c@lstnumber=\count424
\lst@skipnumbers=\count425
\lst@framebox=\box66
)
(C:\Users\Aldo\AppData\Roaming\MiKTeX\2.9\tex/latex/listings\listings.cfg
File: listings.cfg 2019/09/10 1.8c listings configuration
))
Package: listings 2019/09/10 1.8c (Carsten Heinz)

(C:\Users\Aldo\AppData\Roaming\MiKTeX\2.9\tex/latex/listings\lstlang1.sty
File: lstlang1.sty 2019/09/10 1.8c listings language file
)
(C:\Users\Aldo\AppData\Roaming\MiKTeX\2.9\tex/latex/listings\lstlang2.sty
File: lstlang2.sty 2019/09/10 1.8c listings language file
)
(C:\Users\Aldo\AppData\Roaming\MiKTeX\2.9\tex/latex/listings\lstlang1.sty
File: lstlang1.sty 2019/09/10 1.8c listings language file
)
(C:\Users\Aldo\AppData\Roaming\MiKTeX\2.9\tex/latex/listings\lstlang2.sty
File: lstlang2.sty 2019/09/10 1.8c listings language file
)
(C:\Users\Aldo\AppData\Roaming\MiKTeX\2.9\tex/latex/listings\lstlang3.sty
File: lstlang3.sty 2019/09/10 1.8c listings language file
)
(C:\Users\Aldo\AppData\Roaming\MiKTeX\2.9\tex/latex/listings\lstlang1.sty
File: lstlang1.sty 2019/09/10 1.8c listings language file
)
(C:\Users\Aldo\AppData\Roaming\MiKTeX\2.9\tex/latex/listings\lstlang2.sty
File: lstlang2.sty 2019/09/10 1.8c listings language file
)
(C:\Users\Aldo\AppData\Roaming\MiKTeX\2.9\tex/latex/listings\lstlang3.sty
File: lstlang3.sty 2019/09/10 1.8c listings language file
)
(C:\Users\Aldo\AppData\Roaming\MiKTeX\2.9\tex/latex/listings\lstlang1.sty
File: lstlang1.sty 2019/09/10 1.8c listings language file
)
(C:\Users\Aldo\AppData\Roaming\MiKTeX\2.9\tex/latex/listings\lstlang2.sty
File: lstlang2.sty 2019/09/10 1.8c listings language file
)
(C:\Users\Aldo\AppData\Roaming\MiKTeX\2.9\tex/latex/listings\lstlang3.sty
File: lstlang3.sty 2019/09/10 1.8c listings language file
)
(C:\Users\Aldo\AppData\Roaming\MiKTeX\2.9\tex/latex/listings\lstmisc.sty
File: lstmisc.sty 2019/09/10 1.8c (Carsten Heinz)
)
(C:\Users\Aldo\AppData\Roaming\MiKTeX\2.9\tex/latex/chngcntr\chngcntr.sty
Package: chngcntr 2018/04/09 v1.1a change counter resetting
Package chngcntr Info: \counterwithout already defined.
(chngcntr)             Quitting chngcntr on input line 21.
)
\@nomenclaturefile=\write4
\openout4 = `Master.nlo'.

Package nomencl Info: Writing nomenclature file Master.nlo on input line 61.


Package biblatex Warning: 'babel/polyglossia' detected but 'csquotes' missing.
(biblatex)                Loading 'csquotes' recommended.

\@quotelevel=\count426
\@quotereset=\count427
(Master.aux)
\openout1 = `Master.aux'.

LaTeX Font Info:    Checking defaults for OML/cmm/m/it on input line 72.
LaTeX Font Info:    ... okay on input line 72.
LaTeX Font Info:    Checking defaults for OMS/cmsy/m/n on input line 72.
LaTeX Font Info:    ... okay on input line 72.
LaTeX Font Info:    Checking defaults for OT1/cmr/m/n on input line 72.
LaTeX Font Info:    ... okay on input line 72.
LaTeX Font Info:    Checking defaults for T1/cmr/m/n on input line 72.
LaTeX Font Info:    ... okay on input line 72.
LaTeX Font Info:    Checking defaults for TS1/cmr/m/n on input line 72.
LaTeX Font Info:    ... okay on input line 72.
LaTeX Font Info:    Checking defaults for OMX/cmex/m/n on input line 72.
LaTeX Font Info:    ... okay on input line 72.
LaTeX Font Info:    Checking defaults for U/cmr/m/n on input line 72.
LaTeX Font Info:    ... okay on input line 72.
LaTeX Font Info:    Checking defaults for PD1/pdf/m/n on input line 72.
LaTeX Font Info:    ... okay on input line 72.

(C:\Users\Aldo\AppData\Roaming\MiKTeX\2.9\tex/context/base/mkii\supp-pdf.mkii
[Loading MPS to PDF converter (version 2006.09.02).]
\scratchcounter=\count428
\scratchdimen=\dimen184
\scratchbox=\box67
\nofMPsegments=\count429
\nofMParguments=\count430
\everyMPshowfont=\toks29
\MPscratchCnt=\count431
\MPscratchDim=\dimen185
\MPnumerator=\count432
\makeMPintoPDFobject=\count433
\everyMPtoPDFconversion=\toks30
)
(C:\Users\Aldo\AppData\Roaming\MiKTeX\2.9\tex/latex/epstopdf-pkg\epstopdf-base.
sty
Package: epstopdf-base 2020-01-24 v2.11 Base part for package epstopdf
Package epstopdf-base Info: Redefining graphics rule for `.eps' on input line 4
85.
)
Package biblatex Info: Trying to load language 'ngerman'...
Package biblatex Info: ... file 'ngerman.lbx' found.

(C:\Users\Aldo\AppData\Roaming\MiKTeX\2.9\tex/latex/biblatex/lbx\ngerman.lbx
File: ngerman.lbx 2019/12/01 v3.14 biblatex localization (PK/MW)
Package biblatex Info: Trying to load language 'german'...
Package biblatex Info: ... file 'german.lbx' found.

(C:\Users\Aldo\AppData\Roaming\MiKTeX\2.9\tex/latex/biblatex/lbx\german.lbx
File: german.lbx 2019/12/01 v3.14 biblatex localization (PK/MW)
)
Package biblatex Info: Trying to load language 'german'...
Package biblatex Info: ... file 'german.lbx' found.

(C:\Users\Aldo\AppData\Roaming\MiKTeX\2.9\tex/latex/biblatex/lbx\german.lbx
File: german.lbx 2019/12/01 v3.14 biblatex localization (PK/MW)
))
Package biblatex Info: Input encoding 'utf8' detected.
Package biblatex Info: Automatic encoding selection.
(biblatex)             Assuming data encoding 'utf8'.
\openout3 = `Master.bcf'.

Package biblatex Info: Trying to load bibliographic data...
Package biblatex Info: ... file 'Master.bbl' found.

(Master.bbl)
Package biblatex Info: Reference section=0 on input line 72.
Package biblatex Info: Reference segment=0 on input line 72.
Package caption Info: Begin \AtBeginDocument code.
Package caption Info: float package is loaded.
Package caption Info: hyperref package is loaded.
Package caption Info: listings package is loaded.
Package caption Info: longtable package is loaded.

(C:\Users\Aldo\AppData\Roaming\MiKTeX\2.9\tex/latex/caption\ltcaption.sty
Package: ltcaption 2018/08/26 v1.4a longtable captions (AR)
)
Package caption Info: End \AtBeginDocument code.

*geometry* driver: auto-detecting
*geometry* detected driver: pdftex
*geometry* verbose mode - [ preamble ] result:
* driver: pdftex
* paper: a4paper
* layout: <same size as paper>
* layoutoffset:(h,v)=(0.0pt,0.0pt)
* modes: 
* h-part:(L,W,R)=(85.35826pt, 441.01773pt, 71.13188pt)
* v-part:(T,H,B)=(85.35826pt, 674.33032pt, 85.35826pt)
* \paperwidth=597.50787pt
* \paperheight=845.04684pt
* \textwidth=441.01773pt
* \textheight=674.33032pt
* \oddsidemargin=13.08827pt
* \evensidemargin=13.08827pt
* \topmargin=-18.78552pt
* \headheight=12.0pt
* \headsep=19.8738pt
* \topskip=12.0pt
* \footskip=30.0pt
* \marginparwidth=38.0pt
* \marginparsep=7.0pt
* \columnsep=10.0pt
* \skip\footins=10.8pt plus 4.0pt minus 2.0pt
* \hoffset=0.0pt
* \voffset=0.0pt
* \mag=1000
* \@twocolumnfalse
* \@twosidefalse
* \@mparswitchfalse
* \@reversemarginfalse
* (1in=72.27pt=25.4mm, 1cm=28.453pt)


(C:\Users\Aldo\AppData\Roaming\MiKTeX\2.9\tex/latex/translator\translator-basic
-dictionary-English.dict
Dictionary: translator-basic-dictionary, Language: English 
)
(C:\Users\Aldo\AppData\Roaming\MiKTeX\2.9\tex/latex/siunitx\siunitx-abbreviatio
ns.cfg
File: siunitx-abbreviations.cfg 2017/11/26 v2.7k siunitx: Abbreviated units
)
\AtBeginShipoutBox=\box68
Package hyperref Info: Link coloring OFF on input line 72.
 ("C:\Program Files\MiKTeX 2.9\tex/latex/hyperref\nameref.sty"
Package: nameref 2019/09/16 v2.46 Cross-referencing by name of section

(C:\Users\Aldo\AppData\Roaming\MiKTeX\2.9\tex/latex/refcount\refcount.sty
Package: refcount 2019/12/15 v3.6 Data extraction from label references (HO)
)
(C:\Users\Aldo\AppData\Roaming\MiKTeX\2.9\tex/generic/gettitlestring\gettitlest
ring.sty
Package: gettitlestring 2019/12/15 v1.6 Cleanup title references (HO)
)
\c@section@level=\count434
)
LaTeX Info: Redefining \ref on input line 72.
LaTeX Info: Redefining \pageref on input line 72.
LaTeX Info: Redefining \nameref on input line 72.
 (Master.out) (Master.out)
\@outlinefile=\write5
\openout5 = `Master.out'.

Package lastpage Info: Please have a look at the pageslts package at
(lastpage)             https://www.ctan.org/pkg/pageslts
(lastpage)             ! on input line 72.
\c@lstlisting=\count435
LaTeX Font Info:    External font `cmex10' loaded for size
(Font)              <12> on input line 72.
LaTeX Font Info:    External font `cmex10' loaded for size
(Font)              <8> on input line 72.
LaTeX Font Info:    External font `cmex10' loaded for size
(Font)              <6> on input line 72.
 (_Doc_A.tex) (01_title.tex
<./figures/Header_Seite.png, id=163, 137.01187pt x 48.18pt>
File: ./figures/Header_Seite.png Graphic file (type png)
<use ./figures/Header_Seite.png>
Package pdftex.def Info: ./figures/Header_Seite.png  used on input line 7.
(pdftex.def)             Requested size: 137.01154pt x 48.17986pt.


LaTeX Font Warning: Font shape `OT1/cmr/bx/sc' undefined
(Font)              using `OT1/cmr/bx/n' instead on input line 27.

<./../50_aldosheldija/figures/Frontpage_back.png, id=164, 716.6775pt x 403.5075
pt>
File: ./../50_aldosheldija/figures/Frontpage_back.png Graphic file (type png)
<use ./../50_aldosheldija/figures/Frontpage_back.png>
Package pdftex.def Info: ./../50_aldosheldija/figures/Frontpage_back.png  used 
on input line 38.
(pdftex.def)             Requested size: 352.81552pt x 198.64395pt.
[1



{C:/Users/Aldo/AppData/Local/MiKTeX/2.9/pdftex/config/pdftex.map} <./../50_aldo
sheldija/figures/Frontpage_back.png> <./figures/Header_Seite.png>])
No file Master.nls.
(Master.tocpdfTeX warning (ext4): destination with the same identifier (name{pa
ge.i}) has been already used, duplicate ignored
<to be read again> 
                   \relax 
l.46 ...5.12}Einstellungen}{19}{subsection.1.5.12}
                                                  % [1

])
\tf@toc=\write6
\openout6 = `Master.toc'.

File: ./figures/Header_Seite.png Graphic file (type png)
<use ./figures/Header_Seite.png>
Package pdftex.def Info: ./figures/Header_Seite.png  used on input line 99.
(pdftex.def)             Requested size: 68.50577pt x 24.08992pt.


Package Fancyhdr Warning: \headheight is too small (12.0pt): 
Make it at least 28.43996pt.
We now make it that large for the rest of the document.
This may cause the page layout to be inconsistent, however.

[2] (_Doc.tex
Kapitel 1.
LaTeX Font Info:    External font `cmex10' loaded for size
(Font)              <7> on input line 17.
LaTeX Font Info:    External font `cmex10' loaded for size
(Font)              <5> on input line 17.
<./../50_aldosheldija/figures/bootstrap.png, id=224, 1027.84pt x 863.225pt>
File: ./../50_aldosheldija/figures/bootstrap.png Graphic file (type png)
<use ./../50_aldosheldija/figures/bootstrap.png>
Package pdftex.def Info: ./../50_aldosheldija/figures/bootstrap.png  used on in
put line 22.
(pdftex.def)             Requested size: 132.30666pt x 111.11676pt.
[1



]
<./../50_aldosheldija/figures/php.png, id=238, 713.66624pt x 385.44pt>
File: ./../50_aldosheldija/figures/php.png Graphic file (type png)
<use ./../50_aldosheldija/figures/php.png>
Package pdftex.def Info: ./../50_aldosheldija/figures/php.png  used on input li
ne 35.
(pdftex.def)             Requested size: 132.30666pt x 71.45232pt.
<./../50_aldosheldija/figures/js.png, id=243, 589.20125pt x 331.2375pt>
File: ./../50_aldosheldija/figures/js.png Graphic file (type png)
<use ./../50_aldosheldija/figures/js.png>
Package pdftex.def Info: ./../50_aldosheldija/figures/js.png  used on input lin
e 49.
(pdftex.def)             Requested size: 132.30666pt x 74.37863pt.
File: ./figures/Header_Seite.png Graphic file (type png)
<use ./figures/Header_Seite.png>
Package pdftex.def Info: ./figures/Header_Seite.png  used on input line 53.
(pdftex.def)             Requested size: 68.50577pt x 24.08992pt.
 [2 <./../50_aldosheldija/figures/bootstrap.png> <./../50_aldosheldija/figures/
php.png>]
<./../50_aldosheldija/figures/datatables.png, id=260, 481.8pt x 173.64874pt>
File: ./../50_aldosheldija/figures/datatables.png Graphic file (type png)
<use ./../50_aldosheldija/figures/datatables.png>
Package pdftex.def Info: ./../50_aldosheldija/figures/datatables.png  used on i
nput line 74.
(pdftex.def)             Requested size: 132.30666pt x 47.68333pt.
<./../50_aldosheldija/figures/font_awesome.png, id=264, 1204.5pt x 632.3625pt>
File: ./../50_aldosheldija/figures/font_awesome.png Graphic file (type png)
<use ./../50_aldosheldija/figures/font_awesome.png>
Package pdftex.def Info: ./../50_aldosheldija/figures/font_awesome.png  used on
 input line 85.
(pdftex.def)             Requested size: 132.30666pt x 69.45395pt.
File: ./figures/Header_Seite.png Graphic file (type png)
<use ./figures/Header_Seite.png>
Package pdftex.def Info: ./figures/Header_Seite.png  used on input line 89.
(pdftex.def)             Requested size: 68.50577pt x 24.08992pt.
 [3 <./../50_aldosheldija/figures/js.png> <./../50_aldosheldija/figures/datatab
les.png>]
Overfull \hbox (3.75096pt too wide) in paragraph at lines 93--94
\OT1/cmr/m/n/12 F[]ur die Re-la-tio-na-le Da-ten-bank Ma-na-ge-ment Sys-tem wur
-de MyS-QL[][][] (Abb. []1.6[]) gew[]ahlt.
 []

<./../50_aldosheldija/figures/mysql.png, id=283, 271.0125pt x 187.70125pt>
File: ./../50_aldosheldija/figures/mysql.png Graphic file (type png)
<use ./../50_aldosheldija/figures/mysql.png>
Package pdftex.def Info: ./../50_aldosheldija/figures/mysql.png  used on input 
line 97.
(pdftex.def)             Requested size: 132.30666pt x 91.63644pt.
<./../50_aldosheldija/figures/apache.png, id=287, 301.125pt x 114.4275pt>
File: ./../50_aldosheldija/figures/apache.png Graphic file (type png)
<use ./../50_aldosheldija/figures/apache.png>
Package pdftex.def Info: ./../50_aldosheldija/figures/apache.png  used on input
 line 108.
(pdftex.def)             Requested size: 132.30666pt x 50.27841pt.
File: ./figures/Header_Seite.png Graphic file (type png)
<use ./figures/Header_Seite.png>
Package pdftex.def Info: ./figures/Header_Seite.png  used on input line 123.
(pdftex.def)             Requested size: 68.50577pt x 24.08992pt.
[4 <./../50_aldosheldija/figures/font_awesome.png> <./../50_aldosheldija/figure
s/mysql.png> <./../50_aldosheldija/figures/apache.png>]
<./../50_aldosheldija/figures/client.png, id=307, 1020.81375pt x 786.94pt>
File: ./../50_aldosheldija/figures/client.png Graphic file (type png)
<use ./../50_aldosheldija/figures/client.png>
Package pdftex.def Info: ./../50_aldosheldija/figures/client.png  used on input
 line 126.
(pdftex.def)             Requested size: 396.91325pt x 305.98077pt.
File: ./figures/Header_Seite.png Graphic file (type png)
<use ./figures/Header_Seite.png>
Package pdftex.def Info: ./figures/Header_Seite.png  used on input line 136.
(pdftex.def)             Requested size: 68.50577pt x 24.08992pt.
 [5 <./../50_aldosheldija/figures/client.png>]
File: ./figures/Header_Seite.png Graphic file (type png)
<use ./figures/Header_Seite.png>
Package pdftex.def Info: ./figures/Header_Seite.png  used on input line 153.
(pdftex.def)             Requested size: 68.50577pt x 24.08992pt.
 [6]
<./../50_aldosheldija/figures/erd_1.png, id=324, 1593.955pt x 794.97pt>
File: ./../50_aldosheldija/figures/erd_1.png Graphic file (type png)
<use ./../50_aldosheldija/figures/erd_1.png>
Package pdftex.def Info: ./../50_aldosheldija/figures/erd_1.png  used on input 
line 159.
(pdftex.def)             Requested size: 436.60997pt x 217.7501pt.
File: ./figures/Header_Seite.png Graphic file (type png)
<use ./figures/Header_Seite.png>
Package pdftex.def Info: ./figures/Header_Seite.png  used on input line 166.
(pdftex.def)             Requested size: 68.50577pt x 24.08992pt.
 [7 <./../50_aldosheldija/figures/erd_1.png>]
<./../50_aldosheldija/figures/login.png, id=333, 845.0772pt x 332.2011pt>
File: ./../50_aldosheldija/figures/login.png Graphic file (type png)
<use ./../50_aldosheldija/figures/login.png>
Package pdftex.def Info: ./../50_aldosheldija/figures/login.png  used on input 
line 182.
(pdftex.def)             Requested size: 441.01773pt x 173.36397pt.
File: ./figures/Header_Seite.png Graphic file (type png)
<use ./figures/Header_Seite.png>
Package pdftex.def Info: ./figures/Header_Seite.png  used on input line 186.
(pdftex.def)             Requested size: 68.50577pt x 24.08992pt.

[8]
<./../50_aldosheldija/figures/reset_1.png, id=341, 845.0772pt x 332.2011pt>
File: ./../50_aldosheldija/figures/reset_1.png Graphic file (type png)
<use ./../50_aldosheldija/figures/reset_1.png>
Package pdftex.def Info: ./../50_aldosheldija/figures/reset_1.png  used on inpu
t line 191.
(pdftex.def)             Requested size: 436.60997pt x 171.63037pt.

Overfull \hbox (2.97714pt too wide) in paragraph at lines 188--194
\OT1/cmr/m/n/12 Gr[]unden. So muss die-se Web-sei-te die M[]oglichkeit an-bie-t
en das Pass-wort zur[]uckzusetzen.
 []


Overfull \hbox (8.57152pt too wide) in paragraph at lines 188--194
\OT1/cmr/m/n/12 schrei-ben und auf Zur[]ucksetzen kli-cken. Wenn die E-Mail-Adr
essen nicht []ubereinstimmen
 []

File: ./figures/Header_Seite.png Graphic file (type png)
<use ./figures/Header_Seite.png>
Package pdftex.def Info: ./figures/Header_Seite.png  used on input line 197.
(pdftex.def)             Requested size: 68.50577pt x 24.08992pt.
[9 <./../50_aldosheldija/figures/login.png> <./../50_aldosheldija/figures/reset
_1.png>]
<./../50_aldosheldija/figures/reset-email.png, id=355, 605.26125pt x 264.99pt>
File: ./../50_aldosheldija/figures/reset-email.png Graphic file (type png)
<use ./../50_aldosheldija/figures/reset-email.png>
Package pdftex.def Info: ./../50_aldosheldija/figures/reset-email.png  used on 
input line 200.
(pdftex.def)             Requested size: 436.60997pt x 191.15251pt.
<./../50_aldosheldija/figures/changepassword.png, id=356, 278.54062pt x 301.877
8pt>
File: ./../50_aldosheldija/figures/changepassword.png Graphic file (type png)
<use ./../50_aldosheldija/figures/changepassword.png>
Package pdftex.def Info: ./../50_aldosheldija/figures/changepassword.png  used 
on input line 209.
(pdftex.def)             Requested size: 216.1011pt x 234.21082pt.
File: ./figures/Header_Seite.png Graphic file (type png)
<use ./figures/Header_Seite.png>
Package pdftex.def Info: ./figures/Header_Seite.png  used on input line 215.
(pdftex.def)             Requested size: 68.50577pt x 24.08992pt.
 [10 <./../50_aldosheldija/figures/reset-email.png (PNG copy)> <./../50_aldoshe
ldija/figures/changepassword.png>]
<./../50_aldosheldija/figures/reset-email-notvalid.png, id=366, 553.31718pt x 4
3.66313pt>
File: ./../50_aldosheldija/figures/reset-email-notvalid.png Graphic file (type 
png)
<use ./../50_aldosheldija/figures/reset-email-notvalid.png>
Package pdftex.def Info: ./../50_aldosheldija/figures/reset-email-notvalid.png 
 used on input line 220.
(pdftex.def)             Requested size: 436.60997pt x 34.4535pt.
<./../50_aldosheldija/figures/header.png, id=369, 978.65625pt x 51.94406pt>
File: ./../50_aldosheldija/figures/header.png Graphic file (type png)
<use ./../50_aldosheldija/figures/header.png>
Package pdftex.def Info: ./../50_aldosheldija/figures/header.png  used on input
 line 232.
(pdftex.def)             Requested size: 436.60997pt x 23.17407pt.
<./../50_aldosheldija/figures/normalUser.png, id=370, 974.13937pt x 50.43843pt>

File: ./../50_aldosheldija/figures/normalUser.png Graphic file (type png)
<use ./../50_aldosheldija/figures/normalUser.png>
Package pdftex.def Info: ./../50_aldosheldija/figures/normalUser.png  used on i
nput line 239.
(pdftex.def)             Requested size: 436.60997pt x 22.60625pt.
<./../50_aldosheldija/figures/mobilemenu.png, id=372, 310.91156pt x 325.215pt>
File: ./../50_aldosheldija/figures/mobilemenu.png Graphic file (type png)
<use ./../50_aldosheldija/figures/mobilemenu.png>
Package pdftex.def Info: ./../50_aldosheldija/figures/mobilemenu.png  used on i
nput line 248.
(pdftex.def)             Requested size: 216.1011pt x 226.0461pt.
File: ./figures/Header_Seite.png Graphic file (type png)
<use ./figures/Header_Seite.png>
Package pdftex.def Info: ./figures/Header_Seite.png  used on input line 252.
(pdftex.def)             Requested size: 68.50577pt x 24.08992pt.
 [11 <./../50_aldosheldija/figures/reset-email-notvalid.png> <./../50_aldosheld
ija/figures/header.png> <./../50_aldosheldija/figures/normalUser.png>]
<./../50_aldosheldija/figures/home.png, id=386, 843.90282pt x 514.17094pt>
File: ./../50_aldosheldija/figures/home.png Graphic file (type png)
<use ./../50_aldosheldija/figures/home.png>
Package pdftex.def Info: ./../50_aldosheldija/figures/home.png  used on input l
ine 279.
(pdftex.def)             Requested size: 436.60997pt x 266.02098pt.
File: ./figures/Header_Seite.png Graphic file (type png)
<use ./figures/Header_Seite.png>
Package pdftex.def Info: ./figures/Header_Seite.png  used on input line 283.
(pdftex.def)             Requested size: 68.50577pt x 24.08992pt.
 [12 <./../50_aldosheldija/figures/mobilemenu.png>]
File: ./figures/Header_Seite.png Graphic file (type png)
<use ./figures/Header_Seite.png>
Package pdftex.def Info: ./figures/Header_Seite.png  used on input line 300.
(pdftex.def)             Requested size: 68.50577pt x 24.08992pt.
 [13 <./../50_aldosheldija/figures/home.png>]
<./../50_aldosheldija/figures/chooseLayout.png, id=405, 475.7775pt x 313.17pt>
File: ./../50_aldosheldija/figures/chooseLayout.png Graphic file (type png)
<use ./../50_aldosheldija/figures/chooseLayout.png>
Package pdftex.def Info: ./../50_aldosheldija/figures/chooseLayout.png  used on
 input line 320.
(pdftex.def)             Requested size: 304.3033pt x 200.30864pt.
File: ./figures/Header_Seite.png Graphic file (type png)
<use ./figures/Header_Seite.png>
Package pdftex.def Info: ./figures/Header_Seite.png  used on input line 324.
(pdftex.def)             Requested size: 68.50577pt x 24.08992pt.
 [14]
<./../50_aldosheldija/figures/popup.png, id=412, 599.99156pt x 359.09157pt>
File: ./../50_aldosheldija/figures/popup.png Graphic file (type png)
<use ./../50_aldosheldija/figures/popup.png>
Package pdftex.def Info: ./../50_aldosheldija/figures/popup.png  used on input 
line 336.
(pdftex.def)             Requested size: 304.3033pt x 182.12608pt.
File: ./figures/Header_Seite.png Graphic file (type png)
<use ./figures/Header_Seite.png>
Package pdftex.def Info: ./figures/Header_Seite.png  used on input line 365.
(pdftex.def)             Requested size: 68.50577pt x 24.08992pt.
 [15 <./../50_aldosheldija/figures/chooseLayout.png>]
<./../50_aldosheldija/figures/users.png, id=422, 867.24pt x 459.96844pt>
File: ./../50_aldosheldija/figures/users.png Graphic file (type png)
<use ./../50_aldosheldija/figures/users.png>
Package pdftex.def Info: ./../50_aldosheldija/figures/users.png  used on input 
line 370.
(pdftex.def)             Requested size: 436.60997pt x 231.56984pt.
File: ./figures/Header_Seite.png Graphic file (type png)
<use ./figures/Header_Seite.png>
Package pdftex.def Info: ./figures/Header_Seite.png  used on input line 374.
(pdftex.def)             Requested size: 68.50577pt x 24.08992pt.
 [16 <./../50_aldosheldija/figures/popup.png>]
<./../50_aldosheldija/figures/addUser.png, id=437, 344.78813pt x 307.90031pt>
File: ./../50_aldosheldija/figures/addUser.png Graphic file (type png)
<use ./../50_aldosheldija/figures/addUser.png>
Package pdftex.def Info: ./../50_aldosheldija/figures/addUser.png  used on inpu
t line 383.
(pdftex.def)             Requested size: 216.1011pt x 192.9822pt.
<./../50_aldosheldija/figures/addUser_email.png, id=439, 356.83313pt x 197.2368
8pt>
File: ./../50_aldosheldija/figures/addUser_email.png Graphic file (type png)
<use ./../50_aldosheldija/figures/addUser_email.png>
Package pdftex.def Info: ./../50_aldosheldija/figures/addUser_email.png  used o
n input line 392.
(pdftex.def)             Requested size: 348.40103pt x 192.58655pt.
File: ./figures/Header_Seite.png Graphic file (type png)
<use ./figures/Header_Seite.png>
Package pdftex.def Info: ./figures/Header_Seite.png  used on input line 395.
(pdftex.def)             Requested size: 68.50577pt x 24.08992pt.

[17 <./../50_aldosheldija/figures/users.png> <./../50_aldosheldija/figures/addU
ser.png>]
<./../50_aldosheldija/figures/password_reset.png, id=450, 454.69875pt x 191.967
2pt>
File: ./../50_aldosheldija/figures/password_reset.png Graphic file (type png)
<use ./../50_aldosheldija/figures/password_reset.png>
Package pdftex.def Info: ./../50_aldosheldija/figures/password_reset.png  used 
on input line 406.
(pdftex.def)             Requested size: 348.40103pt x 147.09167pt.
File: ./figures/Header_Seite.png Graphic file (type png)
<use ./figures/Header_Seite.png>
Package pdftex.def Info: ./figures/Header_Seite.png  used on input line 414.
(pdftex.def)             Requested size: 68.50577pt x 24.08992pt.
 [18 <./../50_aldosheldija/figures/addUser_email.png> <./../50_aldosheldija/fig
ures/password_reset.png>]
Package hyperref Info: bookmark level for unknown lstlisting defaults to 0 on i
nput line 414.
<./../50_aldosheldija/figures/settings.png, id=465, 971.12813pt x 517.18219pt>
File: ./../50_aldosheldija/figures/settings.png Graphic file (type png)
<use ./../50_aldosheldija/figures/settings.png>
Package pdftex.def Info: ./../50_aldosheldija/figures/settings.png  used on inp
ut line 420.
(pdftex.def)             Requested size: 396.91325pt x 211.37529pt.
File: ./figures/Header_Seite.png Graphic file (type png)
<use ./figures/Header_Seite.png>
Package pdftex.def Info: ./figures/Header_Seite.png  used on input line 428.
(pdftex.def)             Requested size: 68.50577pt x 24.08992pt.
 [19 <./../50_aldosheldija/figures/settings.png>]
LaTeX Font Info:    Trying to load font information for TS1+cmtt on input line 
433.
 ("C:\Program Files\MiKTeX 2.9\tex/latex/base\ts1cmtt.fd"
File: ts1cmtt.fd 2019/12/16 v2.5j Standard LaTeX font definitions
)
File: ./figures/Header_Seite.png Graphic file (type png)
<use ./figures/Header_Seite.png>
Package pdftex.def Info: ./figures/Header_Seite.png  used on input line 449.
(pdftex.def)             Requested size: 68.50577pt x 24.08992pt.
 [20]
File: ./figures/Header_Seite.png Graphic file (type png)
<use ./figures/Header_Seite.png>
Package pdftex.def Info: ./figures/Header_Seite.png  used on input line 466.
(pdftex.def)             Requested size: 68.50577pt x 24.08992pt.
 [21]
<./../50_aldosheldija/figures/layout1.png, id=512, 1205.2528pt x 674.52pt>
File: ./../50_aldosheldija/figures/layout1.png Graphic file (type png)
<use ./../50_aldosheldija/figures/layout1.png>
Package pdftex.def Info: ./../50_aldosheldija/figures/layout1.png  used on inpu
t line 476.
(pdftex.def)             Requested size: 396.91325pt x 222.12914pt.
<./../50_aldosheldija/figures/layout3.png, id=514, 1927.2pt x 1284.7197pt>
File: ./../50_aldosheldija/figures/layout3.png Graphic file (type png)
<use ./../50_aldosheldija/figures/layout3.png>
Package pdftex.def Info: ./../50_aldosheldija/figures/layout3.png  used on inpu
t line 486.
(pdftex.def)             Requested size: 264.61333pt x 176.38976pt.
File: ./figures/Header_Seite.png Graphic file (type png)
<use ./figures/Header_Seite.png>
Package pdftex.def Info: ./figures/Header_Seite.png  used on input line 490.
(pdftex.def)             Requested size: 68.50577pt x 24.08992pt.

[22 <./../50_aldosheldija/figures/layout1.png>]
LaTeX Font Info:    Trying to load font information for OML+cmr on input line 4
99.

("C:\Program Files\MiKTeX 2.9\tex/latex/base\omlcmr.fd"
File: omlcmr.fd 2019/12/16 v2.5j Standard LaTeX font definitions
)
LaTeX Font Info:    Font shape `OML/cmr/m/it' in size <12> not available
(Font)              Font shape `OML/cmm/m/it' tried instead on input line 499.
File: ./figures/Header_Seite.png Graphic file (type png)
<use ./figures/Header_Seite.png>
Package pdftex.def Info: ./figures/Header_Seite.png  used on input line 513.
(pdftex.def)             Requested size: 68.50577pt x 24.08992pt.
 [23 <./../50_aldosheldija/figures/layout3.png>])
File: ./figures/Header_Seite.png Graphic file (type png)
<use ./figures/Header_Seite.png>
Package pdftex.def Info: ./figures/Header_Seite.png  used on input line 113.
(pdftex.def)             Requested size: 68.50577pt x 24.08992pt.
 [24] (_Doc_App.tex)
File: ./figures/Header_Seite.png Graphic file (type png)
<use ./figures/Header_Seite.png>
Package pdftex.def Info: ./figures/Header_Seite.png  used on input line 119.
(pdftex.def)             Requested size: 68.50577pt x 24.08992pt.
 [25] (Master.lof)
\tf@lof=\write7
\openout7 = `Master.lof'.

 [26


]
(Master.lot)
\tf@lot=\write8
\openout8 = `Master.lot'.

 [27

] (Master.lol)
\tf@lol=\write9
\openout9 = `Master.lol'.

 [28

]

Package biblatex Warning: Type 'masterthesis' not found on input line 129.


LaTeX Warning: Empty bibliography on input line 129.

! Misplaced alignment tab character &.
<argument> O'Reilly &
                      Associates
l.130 ...ing=subbibliography, title={Fachbcher}]
                                                  
I can't figure out why you would want to use a tab mark
here. If you just want an ampersand, the remedy is
simple: Just type `I\&' now. But if some right brace
up above has ended a previous alignment prematurely,
you're probably due for more error messages, and you
might try typing `S' now just to see what is salvageable.


Package biblatex Warning: Type 'report' not found on input line 131.


LaTeX Warning: Empty bibliography on input line 131.


Overfull \hbox (10.85315pt too wide) in paragraph at lines 132--132
[]\OT1/cmr/m/n/12 Larsbutnotleast. \OT1/cmr/m/sc/12 url\OT1/cmr/m/n/12 : []$\OT
1/cmtt/m/n/12 https : / / larsbutnotleast . xyz / genius / res / datatables .
 []


Overfull \hbox (15.59523pt too wide) in paragraph at lines 132--132
[]\OT1/cmr/m/n/12 Medium. \OT1/cmr/m/sc/12 url\OT1/cmr/m/n/12 : []$\OT1/cmtt/m/
n/12 https : / / miro . medium . com / max / 824 / 1 * 9RqBEDU9Mbg6XM8O6d7Q9A .

 []


LaTeX Warning: Empty bibliography on input line 133.


AED: lastpage setting LastPage
[29

]
Package atveryend Info: Empty hook `BeforeClearDocument' on input line 135.
Package atveryend Info: Empty hook `AfterLastShipout' on input line 135.
 (Master.aux)
Package atveryend Info: Executing hook `AtVeryEndDocument' on input line 135.
Package atveryend Info: Executing hook `AtEndAfterFileList' on input line 135.


Package rerunfilecheck Warning: File `Master.out' has changed.
(rerunfilecheck)                Rerun to get outlines right
(rerunfilecheck)                or use package `bookmark'.

Package rerunfilecheck Info: Checksums for `Master.out':
(rerunfilecheck)             Before: 79F948634167C620BAEB572DB7FBF3B4;2623
(rerunfilecheck)             After:  ABD763163E16425C9415DFD433588ABB;2780.

LaTeX Font Warning: Some font shapes were not available, defaults substituted.


LaTeX Warning: Label(s) may have changed. Rerun to get cross-references right.

Package logreq Info: Writing requests to 'Master.run.xml'.
\openout1 = `Master.run.xml'.

 ) 
Here is how much of TeX's memory you used:
 23892 strings out of 481277
 446320 string characters out of 2916501
 1325489 words of memory out of 3000000
 38849 multiletter control sequences out of 15000+200000
 543107 words of font info for 62 fonts, out of 3000000 for 9000
 1143 hyphenation exceptions out of 8191
 59i,17n,122p,1667b,3030s stack positions out of 5000i,500n,10000p,200000b,50000s
 <C:\Users\Aldo\AppData\Local\MiKTeX\2.9\fonts/pk/ljfour/jknappen/ec/dpi600\t
ctt1095.pk> <C:\Users\Aldo\AppData\Local\MiKTeX\2.9\fonts/pk/ljfour/jknappen/ec
/dpi600\tcti1200.pk> <C:\Users\Aldo\AppData\Local\MiKTeX\2.9\fonts/pk/ljfour/jk
nappen/ec/dpi600\tcrm1200.pk><C:/Program Files/MiKTeX 2.9/fonts/type1/public/am
sfonts/cm/cmbx12.pfb><C:/Program Files/MiKTeX 2.9/fonts/type1/public/amsfonts/c
m/cmcsc10.pfb><C:/Program Files/MiKTeX 2.9/fonts/type1/public/amsfonts/cm/cmmi1
2.pfb><C:/Program Files/MiKTeX 2.9/fonts/type1/public/amsfonts/cm/cmr10.pfb><C:
/Program Files/MiKTeX 2.9/fonts/type1/public/amsfonts/cm/cmr12.pfb><C:/Program 
Files/MiKTeX 2.9/fonts/type1/public/amsfonts/cm/cmr6.pfb><C:/Program Files/MiKT
eX 2.9/fonts/type1/public/amsfonts/cm/cmr7.pfb><C:/Program Files/MiKTeX 2.9/fon
ts/type1/public/amsfonts/cm/cmr8.pfb><C:/Program Files/MiKTeX 2.9/fonts/type1/p
ublic/amsfonts/cm/cmsl12.pfb><C:/Program Files/MiKTeX 2.9/fonts/type1/public/am
sfonts/cm/cmti12.pfb><C:/Program Files/MiKTeX 2.9/fonts/type1/public/amsfonts/c
m/cmtt10.pfb><C:/Program Files/MiKTeX 2.9/fonts/type1/public/amsfonts/cm/cmtt12
.pfb>
Output written on Master.pdf (32 pages, 3646981 bytes).
PDF statistics:
 705 PDF objects out of 1000 (max. 8388607)
 154 named destinations out of 1000 (max. 500000)
 466 words of extra memory for PDF output out of 10000 (max. 10000000)

