\BOOKMARK [0][-]{chapter.1}{Umsetzung - Aldo Sheldija}{}% 1
\BOOKMARK [1][-]{section.1.1}{Allgemeine Besschreibung}{chapter.1}% 2
\BOOKMARK [1][-]{section.1.2}{Technologien}{chapter.1}% 3
\BOOKMARK [2][-]{subsection.1.2.1}{Bootstrap}{section.1.2}% 4
\BOOKMARK [2][-]{subsection.1.2.2}{PHP}{section.1.2}% 5
\BOOKMARK [2][-]{subsection.1.2.3}{JavaScript}{section.1.2}% 6
\BOOKMARK [2][-]{subsection.1.2.4}{DataTables}{section.1.2}% 7
\BOOKMARK [2][-]{subsection.1.2.5}{Font Awesome}{section.1.2}% 8
\BOOKMARK [2][-]{subsection.1.2.6}{MySQL}{section.1.2}% 9
\BOOKMARK [2][-]{subsection.1.2.7}{Apache}{section.1.2}% 10
\BOOKMARK [1][-]{section.1.3}{Structed Software Design f\374r den Client}{chapter.1}% 11
\BOOKMARK [2][-]{subsection.1.3.1}{Start}{section.1.3}% 12
\BOOKMARK [2][-]{subsection.1.3.2}{Zeitsteuerung}{section.1.3}% 13
\BOOKMARK [2][-]{subsection.1.3.3}{Daten holen}{section.1.3}% 14
\BOOKMARK [2][-]{subsection.1.3.4}{Buffer}{section.1.3}% 15
\BOOKMARK [2][-]{subsection.1.3.5}{Anzeige Prepare}{section.1.3}% 16
\BOOKMARK [2][-]{subsection.1.3.6}{Log}{section.1.3}% 17
\BOOKMARK [1][-]{section.1.4}{Datenbank}{chapter.1}% 18
\BOOKMARK [2][-]{subsection.1.4.1}{ER Diagramm}{section.1.4}% 19
\BOOKMARK [1][-]{section.1.5}{Admin Webseite}{chapter.1}% 20
\BOOKMARK [2][-]{subsection.1.5.1}{Login}{section.1.5}% 21
\BOOKMARK [2][-]{subsection.1.5.2}{Passwort zur\374cksetzen}{section.1.5}% 22
\BOOKMARK [2][-]{subsection.1.5.3}{Men\374}{section.1.5}% 23
\BOOKMARK [2][-]{subsection.1.5.4}{Startseite}{section.1.5}% 24
\BOOKMARK [2][-]{subsection.1.5.5}{Anzeige}{section.1.5}% 25
\BOOKMARK [2][-]{subsection.1.5.6}{Bilder}{section.1.5}% 26
\BOOKMARK [2][-]{subsection.1.5.7}{Layouts}{section.1.5}% 27
\BOOKMARK [2][-]{subsection.1.5.8}{Kalendarinfo}{section.1.5}% 28
\BOOKMARK [2][-]{subsection.1.5.9}{Supplier plan}{section.1.5}% 29
\BOOKMARK [2][-]{subsection.1.5.10}{Benutzer}{section.1.5}% 30
\BOOKMARK [2][-]{subsection.1.5.11}{Einstellungen}{section.1.5}% 31
\BOOKMARK [2][-]{subsection.1.5.12}{Logout}{section.1.5}% 32
\BOOKMARK [2][-]{subsection.1.5.13}{Benutzerrechte f\374r die Webseite}{section.1.5}% 33
\BOOKMARK [2][-]{subsection.1.5.14}{Webseite auf mehrere Sprachen}{section.1.5}% 34
\BOOKMARK [1][-]{section.1.6}{Client/Anzeige}{chapter.1}% 35
\BOOKMARK [2][-]{subsection.1.6.1}{Layout 1}{section.1.6}% 36
\BOOKMARK [2][-]{subsection.1.6.2}{Layout 3}{section.1.6}% 37
\BOOKMARK [2][-]{subsection.1.6.3}{Anzeige f\374r die Chatbot-Bilder}{section.1.6}% 38
\BOOKMARK [2][-]{subsection.1.6.4}{Anzeige f\374r den Supplier plan}{section.1.6}% 39
\BOOKMARK [1][-]{section.1.7}{Wordpress Webseite API}{chapter.1}% 40
\BOOKMARK [1][-]{section.1.8}{Bilder Funktionalit\344t bei der Chatbot}{chapter.1}% 41
\BOOKMARK [1][-]{section.1.9}{Herausforderungen und deren L\366sung}{chapter.1}% 42
\BOOKMARK [1][-]{section.1.10}{Wertsch\366pfung und Lessons Learned}{chapter.1}% 43
\BOOKMARK [1][-]{section.1.11}{Evaluierung und Res\374mee}{chapter.1}% 44
