\BOOKMARK [0][-]{chapter.1}{Allgemeines}{}% 1
\BOOKMARK [1][-]{section.1.1}{Idee, Thema, Aufgabenstellung}{chapter.1}% 2
\BOOKMARK [1][-]{section.1.2}{Team}{chapter.1}% 3
\BOOKMARK [1][-]{section.1.3}{Allgemeines}{chapter.1}% 4
\BOOKMARK [0][-]{chapter.2}{Planung}{}% 5
\BOOKMARK [1][-]{section.2.1}{Projektziele}{chapter.2}% 6
\BOOKMARK [2][-]{subsection.2.1.1}{Muss-Ziele}{section.2.1}% 7
\BOOKMARK [2][-]{subsection.2.1.2}{Optionale-Ziele}{section.2.1}% 8
\BOOKMARK [2][-]{subsection.2.1.3}{Nicht-Ziele}{section.2.1}% 9
\BOOKMARK [1][-]{section.2.2}{Projektplanung}{chapter.2}% 10
\BOOKMARK [2][-]{subsection.2.2.1}{Meilensteine}{section.2.2}% 11
\BOOKMARK [2][-]{subsection.2.2.2}{Projektstrukturplan}{section.2.2}% 12
\BOOKMARK [2][-]{subsection.2.2.3}{Arbeitspakete}{section.2.2}% 13
\BOOKMARK [1][-]{section.2.3}{Projektmanagementmethode}{chapter.2}% 14
\BOOKMARK [2][-]{subsection.2.3.1}{Structed Design}{section.2.3}% 15
\BOOKMARK [2][-]{subsection.2.3.2}{Hybrides Modell}{section.2.3}% 16
\BOOKMARK [0][-]{chapter.3}{Dokumentation des Projektverlaufs}{}% 17
\BOOKMARK [1][-]{section.3.1}{Beschreibungen des Arbeitsverlaufs}{chapter.3}% 18
\BOOKMARK [2][-]{subsection.3.1.1}{Irena Bala}{section.3.1}% 19
\BOOKMARK [2][-]{subsection.3.1.2}{Aldo Sheldija}{section.3.1}% 20
\BOOKMARK [0][-]{chapter.4}{Umsetzung - Irena Bala}{}% 21
\BOOKMARK [1][-]{section.4.1}{Allgemeine Beschreibungen}{chapter.4}% 22
\BOOKMARK [2][-]{subsection.4.1.1}{Chatbot}{section.4.1}% 23
\BOOKMARK [2][-]{subsection.4.1.2}{Server}{section.4.1}% 24
\BOOKMARK [2][-]{subsection.4.1.3}{Technologien}{section.4.1}% 25
\BOOKMARK [1][-]{section.4.2}{Structured Software Design}{chapter.4}% 26
\BOOKMARK [1][-]{section.4.3}{Konfiguration von Raspberry PI Server}{chapter.4}% 27
\BOOKMARK [1][-]{section.4.4}{Datenbank}{chapter.4}% 28
\BOOKMARK [1][-]{section.4.5}{SSL Verschl\374sselung}{chapter.4}% 29
\BOOKMARK [1][-]{section.4.6}{Anzeige}{chapter.4}% 30
\BOOKMARK [1][-]{section.4.7}{Offline Betrieb}{chapter.4}% 31
\BOOKMARK [1][-]{section.4.8}{Wetterdaten}{chapter.4}% 32
\BOOKMARK [1][-]{section.4.9}{Chatbot}{chapter.4}% 33
\BOOKMARK [2][-]{subsection.4.9.1}{Chatbot Einrichtung}{section.4.9}% 34
\BOOKMARK [2][-]{subsection.4.9.2}{Einrichtung des Chatbots in RaspberryPI}{section.4.9}% 35
\BOOKMARK [2][-]{subsection.4.9.3}{Grundlagen f\374r die Umsetzung von Chatbot}{section.4.9}% 36
\BOOKMARK [2][-]{subsection.4.9.4}{Funktionalit\344ten von Chatbot}{section.4.9}% 37
\BOOKMARK [2][-]{subsection.4.9.5}{Umsetzung der Funktionalit\344ten}{section.4.9}% 38
\BOOKMARK [2][-]{subsection.4.9.6}{Konkrete Beispiele mit Bildern}{section.4.9}% 39
\BOOKMARK [1][-]{section.4.10}{Probleme, Herausforderungen und deren L\366sung}{chapter.4}% 40
\BOOKMARK [1][-]{section.4.11}{Qualit\344tssicherung, Controlling}{chapter.4}% 41
\BOOKMARK [1][-]{section.4.12}{Ergebnisse - Irena Bala}{chapter.4}% 42
\BOOKMARK [2][-]{subsection.4.12.1}{Implementierung}{section.4.12}% 43
\BOOKMARK [1][-]{section.4.13}{Handbuch f\374r die Bedienung}{chapter.4}% 44
\BOOKMARK [2][-]{subsection.4.13.1}{Beschreibung der Bedienung als User}{section.4.13}% 45
\BOOKMARK [2][-]{subsection.4.13.2}{Beschreibung der Bedienung als Administrator}{section.4.13}% 46
\BOOKMARK [1][-]{section.4.14}{Evaluierung und Res\374mee}{chapter.4}% 47
\BOOKMARK [2][-]{subsection.4.14.1}{Planung vs Realisierung}{section.4.14}% 48
\BOOKMARK [2][-]{subsection.4.14.2}{Wertsch\366pfung und Lessons Learned}{section.4.14}% 49
