This is pdfTeX, Version 3.14159265-2.6-1.40.21 (MiKTeX 2.9.7300 64-bit) (preloaded format=pdflatex 2020.3.3)  6 MAR 2020 22:37
entering extended mode
**./Master.tex
(Master.tex
LaTeX2e <2020-02-02> patch level 5
L3 programming layer <2020-02-25>
("C:\Users\USER\AppData\Local\Programs\MiKTeX 2.9\tex/latex/base\book.cls"
Document Class: book 2019/12/20 v1.4l Standard LaTeX document class
("C:\Users\USER\AppData\Local\Programs\MiKTeX 2.9\tex/latex/base\bk12.clo"
File: bk12.clo 2019/12/20 v1.4l Standard LaTeX file (size option)
)
\c@part=\count167
\c@chapter=\count168
\c@section=\count169
\c@subsection=\count170
\c@subsubsection=\count171
\c@paragraph=\count172
\c@subparagraph=\count173
\c@figure=\count174
\c@table=\count175
\abovecaptionskip=\skip47
\belowcaptionskip=\skip48
\bibindent=\dimen134
)
("C:\Users\USER\AppData\Local\Programs\MiKTeX 2.9\tex/latex/graphics\graphicx.s
ty"
Package: graphicx 2019/11/30 v1.2a Enhanced LaTeX Graphics (DPC,SPQR)

("C:\Users\USER\AppData\Local\Programs\MiKTeX 2.9\tex/latex/graphics\keyval.sty
"
Package: keyval 2014/10/28 v1.15 key=value parser (DPC)
\KV@toks@=\toks15
)
("C:\Users\USER\AppData\Local\Programs\MiKTeX 2.9\tex/latex/graphics\graphics.s
ty"
Package: graphics 2019/11/30 v1.4a Standard LaTeX Graphics (DPC,SPQR)

("C:\Users\USER\AppData\Local\Programs\MiKTeX 2.9\tex/latex/graphics\trig.sty"
Package: trig 2016/01/03 v1.10 sin cos tan (DPC)
)
("C:\Users\USER\AppData\Local\Programs\MiKTeX 2.9\tex/latex/graphics-cfg\graphi
cs.cfg"
File: graphics.cfg 2016/06/04 v1.11 sample graphics configuration
)
Package graphics Info: Driver file: pdftex.def on input line 105.

("C:\Users\USER\AppData\Local\Programs\MiKTeX 2.9\tex/latex/graphics-def\pdftex
.def"
File: pdftex.def 2018/01/08 v1.0l Graphics/color driver for pdftex
))
\Gin@req@height=\dimen135
\Gin@req@width=\dimen136
)
("C:\Users\USER\AppData\Local\Programs\MiKTeX 2.9\tex/latex/nomencl\nomencl.sty
"
Package: nomencl 2019/11/23 v5.3 Nomenclature package

("C:\Users\USER\AppData\Local\Programs\MiKTeX 2.9\tex/latex/xkeyval\xkeyval.sty
"
Package: xkeyval 2014/12/03 v2.7a package option processing (HA)

("C:\Users\USER\AppData\Local\Programs\MiKTeX 2.9\tex/generic/xkeyval\xkeyval.t
ex"
("C:\Users\USER\AppData\Local\Programs\MiKTeX 2.9\tex/generic/xkeyval\xkvutils.
tex"
\XKV@toks=\toks16
\XKV@tempa@toks=\toks17
)
\XKV@depth=\count176
File: xkeyval.tex 2014/12/03 v2.7a key=value parser (HA)
))
("C:\Users\USER\AppData\Local\Programs\MiKTeX 2.9\tex/latex/base\ifthen.sty"
Package: ifthen 2014/09/29 v1.1c Standard LaTeX ifthen package (DPC)
)
("C:\Users\USER\AppData\Local\Programs\MiKTeX 2.9\tex/latex/koma-script\tocbasi
c.sty"
Package: tocbasic 2020/01/24 v3.29 KOMA-Script package (handling toc-files)

("C:\Users\USER\AppData\Local\Programs\MiKTeX 2.9\tex/latex/koma-script\scrbase
.sty"
Package: scrbase 2020/01/24 v3.29 KOMA-Script package (KOMA-Script-independent 
basics and keyval usage)

("C:\Users\USER\AppData\Local\Programs\MiKTeX 2.9\tex/latex/koma-script\scrlfil
e.sty"
Package: scrlfile 2020/01/24 v3.29 KOMA-Script package (loading files)
))
\scr@dte@tocline@numberwidth=\skip49
\scr@dte@tocline@numbox=\box45
)
Package tocbasic Info: setting babel extension for `nlo' on input line 163.
Package tocbasic Info: setting babel extension for `nls' on input line 164.
\nomlabelwidth=\dimen137
\nom@tempdim=\dimen138
\nomitemsep=\skip50
)
("C:\Users\USER\AppData\Local\Programs\MiKTeX 2.9\tex/latex/biblatex\biblatex.s
ty"
Package: biblatex 2019/12/01 v3.14 programmable bibliographies (PK/MW)

("C:\Users\USER\AppData\Local\Programs\MiKTeX 2.9\tex/latex/pdftexcmds\pdftexcm
ds.sty"
Package: pdftexcmds 2019/11/24 v0.31 Utility functions of pdfTeX for LuaTeX (HO
)

("C:\Users\USER\AppData\Local\Programs\MiKTeX 2.9\tex/generic/infwarerr\infware
rr.sty"
Package: infwarerr 2019/12/03 v1.5 Providing info/warning/error messages (HO)
)
("C:\Users\USER\AppData\Local\Programs\MiKTeX 2.9\tex/generic/iftex\iftex.sty"
Package: iftex 2019/11/07 v1.0c TeX engine tests
)
("C:\Users\USER\AppData\Local\Programs\MiKTeX 2.9\tex/generic/ltxcmds\ltxcmds.s
ty"
Package: ltxcmds 2019/12/15 v1.24 LaTeX kernel commands for general use (HO)
)
Package pdftexcmds Info: \pdf@primitive is available.
Package pdftexcmds Info: \pdf@ifprimitive is available.
Package pdftexcmds Info: \pdfdraftmode found.
)
("C:\Users\USER\AppData\Local\Programs\MiKTeX 2.9\tex/latex/etoolbox\etoolbox.s
ty"
Package: etoolbox 2019/09/21 v2.5h e-TeX tools for LaTeX (JAW)
\etb@tempcnta=\count177
)
("C:\Users\USER\AppData\Local\Programs\MiKTeX 2.9\tex/latex/kvoptions\kvoptions
.sty"
Package: kvoptions 2019/11/29 v3.13 Key value format for package options (HO)

("C:\Users\USER\AppData\Local\Programs\MiKTeX 2.9\tex/generic/kvsetkeys\kvsetke
ys.sty"
Package: kvsetkeys 2019/12/15 v1.18 Key value parser (HO)
))
("C:\Users\USER\AppData\Local\Programs\MiKTeX 2.9\tex/latex/logreq\logreq.sty"
Package: logreq 2010/08/04 v1.0 xml request logger
\lrq@indent=\count178

("C:\Users\USER\AppData\Local\Programs\MiKTeX 2.9\tex/latex/logreq\logreq.def"
File: logreq.def 2010/08/04 v1.0 logreq spec v1.0
)) ("C:\Users\USER\AppData\Local\Programs\MiKTeX 2.9\tex/latex/url\url.sty"
\Urlmuskip=\muskip16
Package: url 2013/09/16  ver 3.4  Verb mode for urls, etc.
)
\c@tabx@nest=\count179
\c@listtotal=\count180
\c@listcount=\count181
\c@liststart=\count182
\c@liststop=\count183
\c@citecount=\count184
\c@citetotal=\count185
\c@multicitecount=\count186
\c@multicitetotal=\count187
\c@instcount=\count188
\c@maxnames=\count189
\c@minnames=\count190
\c@maxitems=\count191
\c@minitems=\count192
\c@citecounter=\count193
\c@maxcitecounter=\count194
\c@savedcitecounter=\count195
\c@uniquelist=\count196
\c@uniquename=\count197
\c@refsection=\count198
\c@refsegment=\count199
\c@maxextratitle=\count266
\c@maxextratitleyear=\count267
\c@maxextraname=\count268
\c@maxextradate=\count269
\c@maxextraalpha=\count270
\c@abbrvpenalty=\count271
\c@highnamepenalty=\count272
\c@lownamepenalty=\count273
\c@maxparens=\count274
\c@parenlevel=\count275
\blx@tempcnta=\count276
\blx@tempcntb=\count277
\blx@tempcntc=\count278
\blx@maxsection=\count279
\blx@maxsegment@0=\count280
\blx@notetype=\count281
\blx@parenlevel@text=\count282
\blx@parenlevel@foot=\count283
\blx@sectionciteorder@0=\count284
\blx@entrysetcounter=\count285
\labelnumberwidth=\skip51
\labelalphawidth=\skip52
\biblabelsep=\skip53
\bibitemsep=\skip54
\bibnamesep=\skip55
\bibinitsep=\skip56
\bibparsep=\skip57
\bibhang=\skip58
\blx@bcfin=\read2
\blx@bcfout=\write3
\blx@langwohyphens=\language82
\c@mincomprange=\count286
\c@maxcomprange=\count287
\c@mincompwidth=\count288
Package biblatex Info: Trying to load biblatex default data model...
Package biblatex Info: ... file 'blx-dm.def' found.

("C:\Users\USER\AppData\Local\Programs\MiKTeX 2.9\tex/latex/biblatex\blx-dm.def
"
File: blx-dm.def 2019/12/01 v3.14 biblatex localization (PK/MW)
)
Package biblatex Info: Trying to load biblatex custom data model...
Package biblatex Info: ... file 'biblatex-dm.cfg' not found.
\c@afterword=\count289
\c@savedafterword=\count290
\c@annotator=\count291
\c@savedannotator=\count292
\c@author=\count293
\c@savedauthor=\count294
\c@bookauthor=\count295
\c@savedbookauthor=\count296
\c@commentator=\count297
\c@savedcommentator=\count298
\c@editor=\count299
\c@savededitor=\count300
\c@editora=\count301
\c@savededitora=\count302
\c@editorb=\count303
\c@savededitorb=\count304
\c@editorc=\count305
\c@savededitorc=\count306
\c@foreword=\count307
\c@savedforeword=\count308
\c@holder=\count309
\c@savedholder=\count310
\c@introduction=\count311
\c@savedintroduction=\count312
\c@namea=\count313
\c@savednamea=\count314
\c@nameb=\count315
\c@savednameb=\count316
\c@namec=\count317
\c@savednamec=\count318
\c@translator=\count319
\c@savedtranslator=\count320
\c@shortauthor=\count321
\c@savedshortauthor=\count322
\c@shorteditor=\count323
\c@savedshorteditor=\count324
\c@labelname=\count325
\c@savedlabelname=\count326
\c@institution=\count327
\c@savedinstitution=\count328
\c@lista=\count329
\c@savedlista=\count330
\c@listb=\count331
\c@savedlistb=\count332
\c@listc=\count333
\c@savedlistc=\count334
\c@listd=\count335
\c@savedlistd=\count336
\c@liste=\count337
\c@savedliste=\count338
\c@listf=\count339
\c@savedlistf=\count340
\c@location=\count341
\c@savedlocation=\count342
\c@organization=\count343
\c@savedorganization=\count344
\c@origlocation=\count345
\c@savedoriglocation=\count346
\c@origpublisher=\count347
\c@savedorigpublisher=\count348
\c@publisher=\count349
\c@savedpublisher=\count350
\c@language=\count351
\c@savedlanguage=\count352
\c@origlanguage=\count353
\c@savedoriglanguage=\count354
\c@pageref=\count355
\c@savedpageref=\count356
\shorthandwidth=\skip59
\shortjournalwidth=\skip60
\shortserieswidth=\skip61
\shorttitlewidth=\skip62
\shortauthorwidth=\skip63
\shorteditorwidth=\skip64
\locallabelnumberwidth=\skip65
\locallabelalphawidth=\skip66
\localshorthandwidth=\skip67
\localshortjournalwidth=\skip68
\localshortserieswidth=\skip69
\localshorttitlewidth=\skip70
\localshortauthorwidth=\skip71
\localshorteditorwidth=\skip72
Package biblatex Info: Trying to load compatibility code...
Package biblatex Info: ... file 'blx-compat.def' found.

("C:\Users\USER\AppData\Local\Programs\MiKTeX 2.9\tex/latex/biblatex\blx-compat
.def"
File: blx-compat.def 2019/12/01 v3.14 biblatex compatibility (PK/MW)
)
Package biblatex Info: Trying to load generic definitions...
Package biblatex Info: ... file 'biblatex.def' found.

("C:\Users\USER\AppData\Local\Programs\MiKTeX 2.9\tex/latex/biblatex\biblatex.d
ef"
File: biblatex.def 2019/12/01 v3.14 biblatex compatibility (PK/MW)
\c@textcitecount=\count357
\c@textcitetotal=\count358
\c@textcitemaxnames=\count359
\c@biburlbigbreakpenalty=\count360
\c@biburlbreakpenalty=\count361
\c@biburlnumpenalty=\count362
\c@biburlucpenalty=\count363
\c@biburllcpenalty=\count364
\biburlbigskip=\muskip17
\biburlnumskip=\muskip18
\biburlucskip=\muskip19
\biburllcskip=\muskip20
\c@smartand=\count365
)
Package biblatex Info: Trying to load bibliography style 'numeric'...
Package biblatex Info: ... file 'numeric.bbx' found.

("C:\Users\USER\AppData\Local\Programs\MiKTeX 2.9\tex/latex/biblatex/bbx\numeri
c.bbx"
File: numeric.bbx 2019/12/01 v3.14 biblatex bibliography style (PK/MW)
Package biblatex Info: Trying to load bibliography style 'standard'...
Package biblatex Info: ... file 'standard.bbx' found.

("C:\Users\USER\AppData\Local\Programs\MiKTeX 2.9\tex/latex/biblatex/bbx\standa
rd.bbx"
File: standard.bbx 2019/12/01 v3.14 biblatex bibliography style (PK/MW)
\c@bbx:relatedcount=\count366
\c@bbx:relatedtotal=\count367
))
Package biblatex Info: Trying to load citation style 'numeric'...
Package biblatex Info: ... file 'numeric.cbx' found.

("C:\Users\USER\AppData\Local\Programs\MiKTeX 2.9\tex/latex/biblatex/cbx\numeri
c.cbx"
File: numeric.cbx 2019/12/01 v3.14 biblatex citation style (PK/MW)
Package biblatex Info: Redefining '\cite'.
Package biblatex Info: Redefining '\parencite'.
Package biblatex Info: Redefining '\footcite'.
Package biblatex Info: Redefining '\footcitetext'.
Package biblatex Info: Redefining '\smartcite'.
Package biblatex Info: Redefining '\supercite'.
Package biblatex Info: Redefining '\textcite'.
Package biblatex Info: Redefining '\textcites'.
Package biblatex Info: Redefining '\cites'.
Package biblatex Info: Redefining '\parencites'.
Package biblatex Info: Redefining '\smartcites'.
)
Package biblatex Info: Trying to load configuration file...
Package biblatex Info: ... file 'biblatex.cfg' found.

("C:\Users\USER\AppData\Local\Programs\MiKTeX 2.9\tex/latex/biblatex\biblatex.c
fg"
File: biblatex.cfg 
))
("C:\Users\USER\AppData\Local\Programs\MiKTeX 2.9\tex/latex/caption\caption.sty
"
Package: caption 2020/01/03 v3.4h Customizing captions (AR)

("C:\Users\USER\AppData\Local\Programs\MiKTeX 2.9\tex/latex/caption\caption3.st
y"
Package: caption3 2020/01/03 v1.8h caption3 kernel (AR)
Package caption3 Info: TeX engine: e-TeX on input line 61.
\captionmargin=\dimen139
\captionmargin@=\dimen140
\captionwidth=\dimen141
\caption@tempdima=\dimen142
\caption@indent=\dimen143
\caption@parindent=\dimen144
\caption@hangindent=\dimen145
Package caption Info: Standard document class detected.
)
\c@caption@flags=\count368
\c@continuedfloat=\count369
)
("C:\Users\USER\AppData\Local\Programs\MiKTeX 2.9\tex/latex/fancyhdr\fancyhdr.s
ty"
Package: fancyhdr 2019/01/31 v3.10 Extensive control of page headers and footer
s
\f@nch@headwidth=\skip73
\f@nch@O@elh=\skip74
\f@nch@O@erh=\skip75
\f@nch@O@olh=\skip76
\f@nch@O@orh=\skip77
\f@nch@O@elf=\skip78
\f@nch@O@erf=\skip79
\f@nch@O@olf=\skip80
\f@nch@O@orf=\skip81
)
("C:\Users\USER\AppData\Local\Programs\MiKTeX 2.9\tex/latex/geometry\geometry.s
ty"
Package: geometry 2020/01/02 v5.9 Page Geometry

("C:\Users\USER\AppData\Local\Programs\MiKTeX 2.9\tex/generic/iftex\ifvtex.sty"
Package: ifvtex 2019/10/25 v1.7 ifvtex legacy package. Use iftex instead.
)
\Gm@cnth=\count370
\Gm@cntv=\count371
\c@Gm@tempcnt=\count372
\Gm@bindingoffset=\dimen146
\Gm@wd@mp=\dimen147
\Gm@odd@mp=\dimen148
\Gm@even@mp=\dimen149
\Gm@layoutwidth=\dimen150
\Gm@layoutheight=\dimen151
\Gm@layouthoffset=\dimen152
\Gm@layoutvoffset=\dimen153
\Gm@dimlist=\toks18

("C:\Users\USER\AppData\Local\Programs\MiKTeX 2.9\tex/latex/geometry\geometry.c
fg"))
("C:\Users\USER\AppData\Local\Programs\MiKTeX 2.9\tex/generic/iftex\ifpdf.sty"
Package: ifpdf 2019/10/25 v3.4 ifpdf legacy package. Use iftex instead.
) ("C:\Users\USER\AppData\Local\Programs\MiKTeX 2.9\tex/latex/base\inputenc.sty
"
Package: inputenc 2018/08/11 v1.3c Input encoding file
\inpenc@prehook=\toks19
\inpenc@posthook=\toks20
) ("C:\Users\USER\AppData\Local\Programs\MiKTeX 2.9\tex/generic/babel\babel.sty
"
Package: babel 2020/02/28 3.41 The Babel package
 ("C:\Users\USER\AppData\Local\Programs\MiKTeX 2.9\tex/generic/babel\switch.def
"
File: switch.def 2020/02/28 3.41 Babel switching mechanism
)
*************************************
* Local config file bblopts.cfg used
*
("C:\Users\USER\AppData\Local\Programs\MiKTeX 2.9\tex/latex/arabi\bblopts.cfg"
File: bblopts.cfg 2005/09/08 v0.1 add Arabic and Farsi to "declared" options of
 babel
)
("C:\Users\USER\AppData\Local\Programs\MiKTeX 2.9\tex/latex/babel-german\ngerma
n.ldf"
Language: ngerman 2018/12/08 v2.11 German support for babel (post-1996 orthogra
phy)

("C:\Users\USER\AppData\Local\Programs\MiKTeX 2.9\tex/latex/babel-german\ngerma
nb.ldf"
Language: ngermanb 2018/12/08 v2.11 German support for babel (post-1996 orthogr
aphy)

("C:\Users\USER\AppData\Local\Programs\MiKTeX 2.9\tex/generic/babel\babel.def"
File: babel.def 2020/02/28 3.41 Babel common definitions
\babel@savecnt=\count373
\U@D=\dimen154

("C:\Users\USER\AppData\Local\Programs\MiKTeX 2.9\tex/generic/babel\txtbabel.de
f")
\bbl@readstream=\read3
\bbl@dirlevel=\count374
)
Package babel Info: Making " an active character on input line 121.
)))
("C:\Users\USER\AppData\Local\Programs\MiKTeX 2.9\tex/latex/siunitx\siunitx.sty
" ("C:\Users\USER\AppData\Local\Programs\MiKTeX 2.9\tex/latex/l3kernel\expl3.st
y"
Package: expl3 2020-02-25 L3 programming layer (loader) 

("C:\Users\USER\AppData\Local\Programs\MiKTeX 2.9\tex/latex/l3backend\l3backend
-pdfmode.def"
File: l3backend-pdfmode.def 2020-02-23 L3 backend support: PDF mode
\l__kernel_color_stack_int=\count375
\l__pdf_internal_box=\box46
))
("C:\Users\USER\AppData\Local\Programs\MiKTeX 2.9\tex/latex/l3packages/xparse\x
parse.sty"
Package: xparse 2020-02-25 L3 Experimental document command parser
\l__xparse_current_arg_int=\count376
\g__xparse_grabber_int=\count377
\l__xparse_m_args_int=\count378
\l__xparse_v_nesting_int=\count379
)
Package: siunitx 2020/02/25 v2.8b A comprehensive (SI) units package

("C:\Users\USER\AppData\Local\Programs\MiKTeX 2.9\tex/latex/amsmath\amstext.sty
"
Package: amstext 2000/06/29 v2.01 AMS text
 ("C:\Users\USER\AppData\Local\Programs\MiKTeX 2.9\tex/latex/amsmath\amsgen.sty
"
File: amsgen.sty 1999/11/30 v2.0 generic functions
\@emptytoks=\toks21
\ex@=\dimen155
)) ("C:\Users\USER\AppData\Local\Programs\MiKTeX 2.9\tex/latex/tools\array.sty"
Package: array 2019/08/31 v2.4l Tabular extension package (FMi)
\col@sep=\dimen156
\ar@mcellbox=\box47
\extrarowheight=\dimen157
\NC@list=\toks22
\extratabsurround=\skip82
\backup@length=\skip83
\ar@cellbox=\box48
)
("C:\Users\USER\AppData\Local\Programs\MiKTeX 2.9\tex/latex/l3packages/l3keys2e
\l3keys2e.sty"
Package: l3keys2e 2020-02-25 LaTeX2e option processing using LaTeX3 keys
)
\l__siunitx_tmp_box=\box49
\l__siunitx_tmp_dim=\dimen158
\l__siunitx_tmp_int=\count380
\l__siunitx_number_mantissa_length_int=\count381
\l__siunitx_number_uncert_length_int=\count382
\l__siunitx_round_int=\count383
\l__siunitx_process_decimal_int=\count384
\l__siunitx_process_uncertainty_int=\count385
\l__siunitx_process_fixed_int=\count386
\l__siunitx_process_integer_min_int=\count387
\l__siunitx_process_precision_int=\count388
\l__siunitx_group_min_int=\count389
\l__siunitx_angle_marker_box=\box50
\l__siunitx_angle_unit_box=\box51
\l__siunitx_angle_marker_dim=\dimen159
\l__siunitx_angle_unit_dim=\dimen160
\l__siunitx_unit_int=\count390
\l__siunitx_unit_denominator_int=\count391
\l__siunitx_unit_numerator_int=\count392
\l__siunitx_unit_prefix_int=\count393
\l__siunitx_unit_prefix_base_int=\count394
\l__siunitx_unit_prefix_gram_int=\count395
\l__siunitx_number_product_int=\count396
\c__siunitx_one_fill_skip=\skip84
\l__siunitx_table_unit_align_skip=\skip85
\l__siunitx_table_exponent_dim=\dimen161
\l__siunitx_table_integer_dim=\dimen162
\l__siunitx_table_mantissa_dim=\dimen163
\l__siunitx_table_marker_dim=\dimen164
\l__siunitx_table_result_dim=\dimen165
\l__siunitx_table_uncert_dim=\dimen166
\l__siunitx_table_fill_pre_dim=\dimen167
\l__siunitx_table_fill_post_dim=\dimen168
\l__siunitx_table_fill_mid_dim=\dimen169
\l__siunitx_table_pre_box=\box52
\l__siunitx_table_post_box=\box53
\l__siunitx_table_mantissa_box=\box54
\l__siunitx_table_result_box=\box55
\l__siunitx_table_number_align_skip=\skip86
\l__siunitx_table_text_align_skip=\skip87

("C:\Users\USER\AppData\Local\Programs\MiKTeX 2.9\tex/latex/translator\translat
or.sty"
Package: translator 2019-05-31 v1.12a Easy translation of strings in LaTeX
))
("C:\Users\USER\AppData\Local\Programs\MiKTeX 2.9\tex/latex/pdflscape\pdflscape
.sty"
Package: pdflscape 2019/12/05 v0.12 Display of landscape pages in PDF (HO)

("C:\Users\USER\AppData\Local\Programs\MiKTeX 2.9\tex/latex/graphics\lscape.sty
"
Package: lscape 2000/10/22 v3.01 Landscape Pages (DPC)
)
Package pdflscape Info: Auto-detected driver: pdftex on input line 81.
)
("C:\Users\USER\AppData\Local\Programs\MiKTeX 2.9\tex/latex/pdfpages\pdfpages.s
ty"
Package: pdfpages 2020/01/28 v0.5q Insert pages of external PDF documents (AM)
 ("C:\Users\USER\AppData\Local\Programs\MiKTeX 2.9\tex/latex/tools\calc.sty"
Package: calc 2017/05/25 v4.3 Infix arithmetic (KKT,FJ)
\calc@Acount=\count397
\calc@Bcount=\count398
\calc@Adimen=\dimen170
\calc@Bdimen=\dimen171
\calc@Askip=\skip88
\calc@Bskip=\skip89
LaTeX Info: Redefining \setlength on input line 80.
LaTeX Info: Redefining \addtolength on input line 81.
\calc@Ccount=\count399
\calc@Cskip=\skip90
)
("C:\Users\USER\AppData\Local\Programs\MiKTeX 2.9\tex/latex/eso-pic\eso-pic.sty
"
Package: eso-pic 2018/04/12 v2.0h eso-pic (RN)

("C:\Users\USER\AppData\Local\Programs\MiKTeX 2.9\tex/generic/atbegshi\atbegshi
.sty"
Package: atbegshi 2019/12/05 v1.19 At begin shipout hook (HO)
)
("C:\Users\USER\AppData\Local\Programs\MiKTeX 2.9\tex/latex/xcolor\xcolor.sty"
Package: xcolor 2016/05/11 v2.12 LaTeX color extensions (UK)

("C:\Users\USER\AppData\Local\Programs\MiKTeX 2.9\tex/latex/graphics-cfg\color.
cfg"
File: color.cfg 2016/01/02 v1.6 sample color configuration
)
Package xcolor Info: Driver file: pdftex.def on input line 225.
Package xcolor Info: Model `cmy' substituted by `cmy0' on input line 1348.
Package xcolor Info: Model `hsb' substituted by `rgb' on input line 1352.
Package xcolor Info: Model `RGB' extended on input line 1364.
Package xcolor Info: Model `HTML' substituted by `rgb' on input line 1366.
Package xcolor Info: Model `Hsb' substituted by `hsb' on input line 1367.
Package xcolor Info: Model `tHsb' substituted by `hsb' on input line 1368.
Package xcolor Info: Model `HSB' substituted by `hsb' on input line 1369.
Package xcolor Info: Model `Gray' substituted by `gray' on input line 1370.
Package xcolor Info: Model `wave' substituted by `hsb' on input line 1371.
))
\AM@pagewidth=\dimen172
\AM@pageheight=\dimen173

("C:\Users\USER\AppData\Local\Programs\MiKTeX 2.9\tex/latex/pdfpages\pppdftex.d
ef"
File: pppdftex.def 2020/01/28 v0.5q Pdfpages driver for pdfTeX (AM)
)
\AM@pagebox=\box56
\AM@global@opts=\toks23
\AM@pagecnt=\count400
\AM@toc@title=\toks24
\c@AM@survey=\count401
\AM@templatesizebox=\box57
)
("C:\Users\USER\AppData\Local\Programs\MiKTeX 2.9\tex/latex/tools\longtable.sty
"
Package: longtable 2020/01/07 v4.13 Multi-page Table package (DPC)
\LTleft=\skip91
\LTright=\skip92
\LTpre=\skip93
\LTpost=\skip94
\LTchunksize=\count402
\LTcapwidth=\dimen174
\LT@head=\box58
\LT@firsthead=\box59
\LT@foot=\box60
\LT@lastfoot=\box61
\LT@cols=\count403
\LT@rows=\count404
\c@LT@tables=\count405
\c@LT@chunks=\count406
\LT@p@ftn=\toks25
)
("C:\Users\USER\AppData\Local\Programs\MiKTeX 2.9\tex/latex/listings\listings.s
ty"
\lst@mode=\count407
\lst@gtempboxa=\box62
\lst@token=\toks26
\lst@length=\count408
\lst@currlwidth=\dimen175
\lst@column=\count409
\lst@pos=\count410
\lst@lostspace=\dimen176
\lst@width=\dimen177
\lst@newlines=\count411
\lst@lineno=\count412
\lst@maxwidth=\dimen178

("C:\Users\USER\AppData\Local\Programs\MiKTeX 2.9\tex/latex/listings\lstmisc.st
y"
File: lstmisc.sty 2019/09/10 1.8c (Carsten Heinz)
\c@lstnumber=\count413
\lst@skipnumbers=\count414
\lst@framebox=\box63
)
("C:\Users\USER\AppData\Local\Programs\MiKTeX 2.9\tex/latex/listings\listings.c
fg"
File: listings.cfg 2019/09/10 1.8c listings configuration
))
Package: listings 2019/09/10 1.8c (Carsten Heinz)

("C:\Users\USER\AppData\Local\Programs\MiKTeX 2.9\tex/latex/listings\lstlang1.s
ty"
File: lstlang1.sty 2019/09/10 1.8c listings language file
)
("C:\Users\USER\AppData\Local\Programs\MiKTeX 2.9\tex/latex/listings\lstlang2.s
ty"
File: lstlang2.sty 2019/09/10 1.8c listings language file
)
("C:\Users\USER\AppData\Local\Programs\MiKTeX 2.9\tex/latex/listings\lstlang1.s
ty"
File: lstlang1.sty 2019/09/10 1.8c listings language file
)
("C:\Users\USER\AppData\Local\Programs\MiKTeX 2.9\tex/latex/listings\lstlang2.s
ty"
File: lstlang2.sty 2019/09/10 1.8c listings language file
)
("C:\Users\USER\AppData\Local\Programs\MiKTeX 2.9\tex/latex/listings\lstlang3.s
ty"
File: lstlang3.sty 2019/09/10 1.8c listings language file
)
("C:\Users\USER\AppData\Local\Programs\MiKTeX 2.9\tex/latex/listings\lstlang1.s
ty"
File: lstlang1.sty 2019/09/10 1.8c listings language file
)
("C:\Users\USER\AppData\Local\Programs\MiKTeX 2.9\tex/latex/listings\lstlang2.s
ty"
File: lstlang2.sty 2019/09/10 1.8c listings language file
)
("C:\Users\USER\AppData\Local\Programs\MiKTeX 2.9\tex/latex/listings\lstlang3.s
ty"
File: lstlang3.sty 2019/09/10 1.8c listings language file
)
("C:\Users\USER\AppData\Local\Programs\MiKTeX 2.9\tex/latex/listings\lstlang1.s
ty"
File: lstlang1.sty 2019/09/10 1.8c listings language file
)
("C:\Users\USER\AppData\Local\Programs\MiKTeX 2.9\tex/latex/listings\lstlang2.s
ty"
File: lstlang2.sty 2019/09/10 1.8c listings language file
)
("C:\Users\USER\AppData\Local\Programs\MiKTeX 2.9\tex/latex/listings\lstlang3.s
ty"
File: lstlang3.sty 2019/09/10 1.8c listings language file
)
("C:\Users\USER\AppData\Local\Programs\MiKTeX 2.9\tex/latex/listings\lstmisc.st
y"
File: lstmisc.sty 2019/09/10 1.8c (Carsten Heinz)
)
("C:\Users\USER\AppData\Local\Programs\MiKTeX 2.9\tex/latex/hyperref\hyperref.s
ty"
Package: hyperref 2020/01/14 v7.00d Hypertext links for LaTeX

("C:\Users\USER\AppData\Local\Programs\MiKTeX 2.9\tex/generic/kvdefinekeys\kvde
finekeys.sty"
Package: kvdefinekeys 2019-12-19 v1.6 Define keys (HO)
)
("C:\Users\USER\AppData\Local\Programs\MiKTeX 2.9\tex/generic/pdfescape\pdfesca
pe.sty"
Package: pdfescape 2019/12/09 v1.15 Implements pdfTeX's escape features (HO)
)
("C:\Users\USER\AppData\Local\Programs\MiKTeX 2.9\tex/latex/hycolor\hycolor.sty
"
Package: hycolor 2020-01-27 v1.10 Color options for hyperref/bookmark (HO)
)
("C:\Users\USER\AppData\Local\Programs\MiKTeX 2.9\tex/latex/letltxmacro\letltxm
acro.sty"
Package: letltxmacro 2019/12/03 v1.6 Let assignment for LaTeX macros (HO)
)
("C:\Users\USER\AppData\Local\Programs\MiKTeX 2.9\tex/latex/auxhook\auxhook.sty
"
Package: auxhook 2019-12-17 v1.6 Hooks for auxiliary files (HO)
)
\@linkdim=\dimen179
\Hy@linkcounter=\count415
\Hy@pagecounter=\count416

("C:\Users\USER\AppData\Local\Programs\MiKTeX 2.9\tex/latex/hyperref\pd1enc.def
"
File: pd1enc.def 2020/01/14 v7.00d Hyperref: PDFDocEncoding definition (HO)
Now handling font encoding PD1 ...
... no UTF-8 mapping file for font encoding PD1
)
("C:\Users\USER\AppData\Local\Programs\MiKTeX 2.9\tex/generic/intcalc\intcalc.s
ty"
Package: intcalc 2019/12/15 v1.3 Expandable calculations with integers (HO)
)
("C:\Users\USER\AppData\Local\Programs\MiKTeX 2.9\tex/generic/etexcmds\etexcmds
.sty"
Package: etexcmds 2019/12/15 v1.7 Avoid name clashes with e-TeX commands (HO)
)
\Hy@SavedSpaceFactor=\count417
Package hyperref Info: Hyper figures OFF on input line 4547.
Package hyperref Info: Link nesting OFF on input line 4552.
Package hyperref Info: Hyper index ON on input line 4555.
Package hyperref Info: Plain pages OFF on input line 4562.
Package hyperref Info: Backreferencing OFF on input line 4567.
Package hyperref Info: Implicit mode ON; LaTeX internals redefined.
Package hyperref Info: Bookmarks ON on input line 4800.
\c@Hy@tempcnt=\count418
LaTeX Info: Redefining \url on input line 5159.
\XeTeXLinkMargin=\dimen180

("C:\Users\USER\AppData\Local\Programs\MiKTeX 2.9\tex/generic/bitset\bitset.sty
"
Package: bitset 2019/12/09 v1.3 Handle bit-vector datatype (HO)

("C:\Users\USER\AppData\Local\Programs\MiKTeX 2.9\tex/generic/bigintcalc\bigint
calc.sty"
Package: bigintcalc 2019/12/15 v1.5 Expandable calculations on big integers (HO
)
))
\Fld@menulength=\count419
\Field@Width=\dimen181
\Fld@charsize=\dimen182
Package hyperref Info: Hyper figures OFF on input line 6430.
Package hyperref Info: Link nesting OFF on input line 6435.
Package hyperref Info: Hyper index ON on input line 6438.
Package hyperref Info: backreferencing OFF on input line 6445.
Package hyperref Info: Link coloring OFF on input line 6450.
Package hyperref Info: Link coloring with OCG OFF on input line 6455.
Package hyperref Info: PDF/A mode OFF on input line 6460.
LaTeX Info: Redefining \ref on input line 6500.
LaTeX Info: Redefining \pageref on input line 6504.
\Hy@abspage=\count420
\c@Item=\count421
\c@Hfootnote=\count422
)
Package hyperref Info: Driver (autodetected): hpdftex.

("C:\Users\USER\AppData\Local\Programs\MiKTeX 2.9\tex/latex/hyperref\hpdftex.de
f"
File: hpdftex.def 2020/01/14 v7.00d Hyperref driver for pdfTeX

("C:\Users\USER\AppData\Local\Programs\MiKTeX 2.9\tex/latex/atveryend\atveryend
.sty"
Package: atveryend 2019-12-11 v1.11 Hooks at the very end of document (HO)
)
\Fld@listcount=\count423
\c@bookmark@seq@number=\count424

("C:\Users\USER\AppData\Local\Programs\MiKTeX 2.9\tex/latex/rerunfilecheck\reru
nfilecheck.sty"
Package: rerunfilecheck 2019/12/05 v1.9 Rerun checks for auxiliary files (HO)

("C:\Users\USER\AppData\Local\Programs\MiKTeX 2.9\tex/generic/uniquecounter\uni
quecounter.sty"
Package: uniquecounter 2019/12/15 v1.4 Provide unlimited unique counter (HO)
)
Package uniquecounter Info: New unique counter `rerunfilecheck' on input line 2
86.
)
\Hy@SectionHShift=\skip95
)
("C:\Users\USER\AppData\Local\Programs\MiKTeX 2.9\tex/latex/mdwtools\footnote.s
ty"
Package: footnote 1997/01/28 1.13 Save footnotes around boxes
\fn@notes=\box64
\fn@width=\dimen183
)
("C:\Users\USER\AppData\Local\Programs\MiKTeX 2.9\tex/latex/transparent\transpa
rent.sty"
Package: transparent 2019/11/29 v1.4 Transparency via pdfTeX's color stack (HO)

)
("C:\Users\USER\AppData\Local\Programs\MiKTeX 2.9\tex/latex/lastpage\lastpage.s
ty"
Package: lastpage 2015/03/29 v1.2m Refers to last page's name (HMM; JPG)
)
("C:\Users\USER\AppData\Local\Programs\MiKTeX 2.9\tex/latex/chngcntr\chngcntr.s
ty"
Package: chngcntr 2018/04/09 v1.1a change counter resetting
Package chngcntr Info: \counterwithout already defined.
(chngcntr)             Quitting chngcntr on input line 21.
)
\@nomenclaturefile=\write4
\openout4 = `Master.nlo'.

Package nomencl Info: Writing nomenclature file Master.nlo on input line 49.


Package biblatex Warning: 'babel/polyglossia' detected but 'csquotes' missing.
(biblatex)                Loading 'csquotes' recommended.

\@quotelevel=\count425
\@quotereset=\count426
(Master.aux)
\openout1 = `Master.aux'.

LaTeX Font Info:    Checking defaults for OML/cmm/m/it on input line 60.
LaTeX Font Info:    ... okay on input line 60.
LaTeX Font Info:    Checking defaults for OMS/cmsy/m/n on input line 60.
LaTeX Font Info:    ... okay on input line 60.
LaTeX Font Info:    Checking defaults for OT1/cmr/m/n on input line 60.
LaTeX Font Info:    ... okay on input line 60.
LaTeX Font Info:    Checking defaults for T1/cmr/m/n on input line 60.
LaTeX Font Info:    ... okay on input line 60.
LaTeX Font Info:    Checking defaults for TS1/cmr/m/n on input line 60.
LaTeX Font Info:    ... okay on input line 60.
LaTeX Font Info:    Checking defaults for OMX/cmex/m/n on input line 60.
LaTeX Font Info:    ... okay on input line 60.
LaTeX Font Info:    Checking defaults for U/cmr/m/n on input line 60.
LaTeX Font Info:    ... okay on input line 60.
LaTeX Font Info:    Checking defaults for PD1/pdf/m/n on input line 60.
LaTeX Font Info:    ... okay on input line 60.

("C:\Users\USER\AppData\Local\Programs\MiKTeX 2.9\tex/context/base/mkii\supp-pd
f.mkii"
[Loading MPS to PDF converter (version 2006.09.02).]
\scratchcounter=\count427
\scratchdimen=\dimen184
\scratchbox=\box65
\nofMPsegments=\count428
\nofMParguments=\count429
\everyMPshowfont=\toks27
\MPscratchCnt=\count430
\MPscratchDim=\dimen185
\MPnumerator=\count431
\makeMPintoPDFobject=\count432
\everyMPtoPDFconversion=\toks28
)
("C:\Users\USER\AppData\Local\Programs\MiKTeX 2.9\tex/latex/epstopdf-pkg\epstop
df-base.sty"
Package: epstopdf-base 2020-01-24 v2.11 Base part for package epstopdf
Package epstopdf-base Info: Redefining graphics rule for `.eps' on input line 4
85.
)
Package biblatex Info: Trying to load language 'ngerman'...
Package biblatex Info: ... file 'ngerman.lbx' found.

("C:\Users\USER\AppData\Local\Programs\MiKTeX 2.9\tex/latex/biblatex/lbx\ngerma
n.lbx"
File: ngerman.lbx 2019/12/01 v3.14 biblatex localization (PK/MW)
Package biblatex Info: Trying to load language 'german'...
Package biblatex Info: ... file 'german.lbx' found.

("C:\Users\USER\AppData\Local\Programs\MiKTeX 2.9\tex/latex/biblatex/lbx\german
.lbx"
File: german.lbx 2019/12/01 v3.14 biblatex localization (PK/MW)
)
Package biblatex Info: Trying to load language 'german'...
Package biblatex Info: ... file 'german.lbx' found.

("C:\Users\USER\AppData\Local\Programs\MiKTeX 2.9\tex/latex/biblatex/lbx\german
.lbx"
File: german.lbx 2019/12/01 v3.14 biblatex localization (PK/MW)
))
Package biblatex Info: Input encoding 'utf8' detected.
Package biblatex Info: Automatic encoding selection.
(biblatex)             Assuming data encoding 'utf8'.
\openout3 = `Master.bcf'.

Package biblatex Info: Trying to load bibliographic data...
Package biblatex Info: ... file 'Master.bbl' found.
 (Master.bbl)
Package biblatex Info: Reference section=0 on input line 60.
Package biblatex Info: Reference segment=0 on input line 60.
Package caption Info: Begin \AtBeginDocument code.
Package caption Info: hyperref package is loaded.
Package caption Info: listings package is loaded.
Package caption Info: longtable package is loaded.

("C:\Users\USER\AppData\Local\Programs\MiKTeX 2.9\tex/latex/caption\ltcaption.s
ty"
Package: ltcaption 2018/08/26 v1.4a longtable captions (AR)
)
Package caption Info: End \AtBeginDocument code.

*geometry* driver: auto-detecting
*geometry* detected driver: pdftex
*geometry* verbose mode - [ preamble ] result:
* driver: pdftex
* paper: a4paper
* layout: <same size as paper>
* layoutoffset:(h,v)=(0.0pt,0.0pt)
* modes: 
* h-part:(L,W,R)=(85.35826pt, 441.01773pt, 71.13188pt)
* v-part:(T,H,B)=(85.35826pt, 674.33032pt, 85.35826pt)
* \paperwidth=597.50787pt
* \paperheight=845.04684pt
* \textwidth=441.01773pt
* \textheight=674.33032pt
* \oddsidemargin=13.08827pt
* \evensidemargin=13.08827pt
* \topmargin=-18.78552pt
* \headheight=12.0pt
* \headsep=19.8738pt
* \topskip=12.0pt
* \footskip=30.0pt
* \marginparwidth=38.0pt
* \marginparsep=7.0pt
* \columnsep=10.0pt
* \skip\footins=10.8pt plus 4.0pt minus 2.0pt
* \hoffset=0.0pt
* \voffset=0.0pt
* \mag=1000
* \@twocolumnfalse
* \@twosidefalse
* \@mparswitchfalse
* \@reversemarginfalse
* (1in=72.27pt=25.4mm, 1cm=28.453pt)


("C:\Users\USER\AppData\Local\Programs\MiKTeX 2.9\tex/latex/translator\translat
or-basic-dictionary-English.dict"
Dictionary: translator-basic-dictionary, Language: English 
)
("C:\Users\USER\AppData\Local\Programs\MiKTeX 2.9\tex/latex/siunitx\siunitx-abb
reviations.cfg"
File: siunitx-abbreviations.cfg 2017/11/26 v2.7k siunitx: Abbreviated units
)
\AtBeginShipoutBox=\box66
\c@lstlisting=\count433
Package hyperref Info: Link coloring OFF on input line 60.

("C:\Users\USER\AppData\Local\Programs\MiKTeX 2.9\tex/latex/hyperref\nameref.st
y"
Package: nameref 2019/09/16 v2.46 Cross-referencing by name of section

("C:\Users\USER\AppData\Local\Programs\MiKTeX 2.9\tex/latex/refcount\refcount.s
ty"
Package: refcount 2019/12/15 v3.6 Data extraction from label references (HO)
)
("C:\Users\USER\AppData\Local\Programs\MiKTeX 2.9\tex/generic/gettitlestring\ge
ttitlestring.sty"
Package: gettitlestring 2019/12/15 v1.6 Cleanup title references (HO)
)
\c@section@level=\count434
)
LaTeX Info: Redefining \ref on input line 60.
LaTeX Info: Redefining \pageref on input line 60.
LaTeX Info: Redefining \nameref on input line 60.
 (Master.out) (Master.out)
\@outlinefile=\write5
\openout5 = `Master.out'.

Package lastpage Info: Please have a look at the pageslts package at
(lastpage)             https://www.ctan.org/pkg/pageslts
(lastpage)             ! on input line 60.
LaTeX Font Info:    External font `cmex10' loaded for size
(Font)              <12> on input line 60.
LaTeX Font Info:    External font `cmex10' loaded for size
(Font)              <8> on input line 60.
LaTeX Font Info:    External font `cmex10' loaded for size
(Font)              <6> on input line 60.
 (_Doc_A.tex) (01_title.tex
<./figures/Header_Seite.png, id=127, 137.01187pt x 48.18pt>
File: ./figures/Header_Seite.png Graphic file (type png)
<use ./figures/Header_Seite.png>
Package pdftex.def Info: ./figures/Header_Seite.png  used on input line 7.
(pdftex.def)             Requested size: 137.01154pt x 48.17986pt.


LaTeX Font Warning: Font shape `OT1/cmr/bx/sc' undefined
(Font)              using `OT1/cmr/bx/n' instead on input line 27.

<./../40_xx/figures/Frontpage_back.png, id=128, 716.6775pt x 403.5075pt>
File: ./../40_xx/figures/Frontpage_back.png Graphic file (type png)
<use ./../40_xx/figures/Frontpage_back.png>
Package pdftex.def Info: ./../40_xx/figures/Frontpage_back.png  used on input l
ine 38.
(pdftex.def)             Requested size: 352.81552pt x 198.64395pt.
[1



{C:/Users/USER/AppData/Local/MiKTeX/2.9/pdftex/config/pdftex.map} <./../40_xx/f
igures/Frontpage_back.png> <./figures/Header_Seite.png>])
No file Master.nls.
(Master.toc)
\tf@toc=\write6
\openout6 = `Master.toc'.

pdfTeX warning (ext4): destination with the same identifier (name{page.i}) has 
been already used, duplicate ignored
<to be read again> 
                   \relax 
l.87 \mainmatter
                 [1

]
File: ./figures/Header_Seite.png Graphic file (type png)
<use ./figures/Header_Seite.png>
Package pdftex.def Info: ./figures/Header_Seite.png  used on input line 87.
(pdftex.def)             Requested size: 68.50577pt x 24.08992pt.


Package Fancyhdr Warning: \headheight is too small (12.0pt): 
Make it at least 28.43996pt.
We now make it that large for the rest of the document.
This may cause the page layout to be inconsistent, however.

[2] (_Doc.tex
Kapitel 1.

Underfull \hbox (badness 10000) in paragraph at lines 3--9

 []

[1



]
File: ./figures/Header_Seite.png Graphic file (type png)
<use ./figures/Header_Seite.png>
Package pdftex.def Info: ./figures/Header_Seite.png  used on input line 27.
(pdftex.def)             Requested size: 68.50577pt x 24.08992pt.
 [2]
LaTeX Font Info:    External font `cmex10' loaded for size
(Font)              <7> on input line 59.
LaTeX Font Info:    External font `cmex10' loaded for size
(Font)              <5> on input line 59.
File: ./figures/Header_Seite.png Graphic file (type png)
<use ./figures/Header_Seite.png>
Package pdftex.def Info: ./figures/Header_Seite.png  used on input line 61.
(pdftex.def)             Requested size: 68.50577pt x 24.08992pt.
 [3]
Underfull \hbox (badness 10000) in paragraph at lines 62--64

 []

File: ./figures/Header_Seite.png Graphic file (type png)
<use ./figures/Header_Seite.png>
Package pdftex.def Info: ./figures/Header_Seite.png  used on input line 73.
(pdftex.def)             Requested size: 68.50577pt x 24.08992pt.
[4]
File: ./figures/Header_Seite.png Graphic file (type png)
<use ./figures/Header_Seite.png>
Package pdftex.def Info: ./figures/Header_Seite.png  used on input line 103.
(pdftex.def)             Requested size: 68.50577pt x 24.08992pt.
 [5]
File: ./figures/Header_Seite.png Graphic file (type png)
<use ./figures/Header_Seite.png>
Package pdftex.def Info: ./figures/Header_Seite.png  used on input line 126.
(pdftex.def)             Requested size: 68.50577pt x 24.08992pt.
 [6]
Overfull \hbox (17.52914pt too wide) in paragraph at lines 131--132
\OT1/cmr/m/n/12 Telegram Bot API[][][][] ist ei-ne Schnitt-stel-le, die die Im-
ple-men-tie-rung von Chat-bot erm[]oglicht.
 []

File: ./figures/Header_Seite.png Graphic file (type png)
<use ./figures/Header_Seite.png>
Package pdftex.def Info: ./figures/Header_Seite.png  used on input line 159.
(pdftex.def)             Requested size: 68.50577pt x 24.08992pt.
[7]

Package caption Warning: \captionsetup{type=...}
(caption)                outside box or environment on input line 168.
See the caption package documentation for explanation.

<./../40_xx/figures/server.png, id=295, 1258.7025pt x 1152.305pt>
File: ./../40_xx/figures/server.png Graphic file (type png)
<use ./../40_xx/figures/server.png>
Package pdftex.def Info: ./../40_xx/figures/server.png  used on input line 169.

(pdftex.def)             Requested size: 441.01773pt x 403.73477pt.

Underfull \hbox (badness 10000) in paragraph at lines 161--170

 []


Underfull \hbox (badness 7486) in paragraph at lines 161--170
\OT1/cmr/m/n/12 Am En-de er-folgt ei-ne An-fra-ge von dem Raspber-ryPI Ser-ver.
 Er er-for-
 []


Underfull \hbox (badness 10000) in paragraph at lines 161--170
\OT1/cmr/m/n/12 dert die ge-sam-mel-ten Da-ten al-ler Kom-po-nen-ten. Sie wer-d
en zu-erst va-
 []


Underfull \hbox (badness 10000) in paragraph at lines 161--170
\OT1/cmr/m/n/12 li-diert dann von Log ge-nom-men und da-nach zum Ser-ver ge-sch
ickt.
 []

File: ./figures/Header_Seite.png Graphic file (type png)
<use ./figures/Header_Seite.png>
Package pdftex.def Info: ./figures/Header_Seite.png  used on input line 170.
(pdftex.def)             Requested size: 68.50577pt x 24.08992pt.
[8]
Underfull \hbox (badness 10000) in paragraph at lines 173--174

 []

File: ./figures/Header_Seite.png Graphic file (type png)
<use ./figures/Header_Seite.png>
Package pdftex.def Info: ./figures/Header_Seite.png  used on input line 191.
(pdftex.def)             Requested size: 68.50577pt x 24.08992pt.
[9 <./../40_xx/figures/server.png>]
<./../40_xx/figures/erd_irenaa.png, id=315, 907.39pt x 835.12pt>
File: ./../40_xx/figures/erd_irenaa.png Graphic file (type png)
<use ./../40_xx/figures/erd_irenaa.png>
Package pdftex.def Info: ./../40_xx/figures/erd_irenaa.png  used on input line 
233.
(pdftex.def)             Requested size: 441.01773pt x 405.88647pt.

Underfull \hbox (badness 10000) in paragraph at lines 229--234

 []


Overfull \hbox (2.61888pt too wide) in paragraph at lines 229--234
[] [] 
 []

File: ./figures/Header_Seite.png Graphic file (type png)
<use ./figures/Header_Seite.png>
Package pdftex.def Info: ./figures/Header_Seite.png  used on input line 234.
(pdftex.def)             Requested size: 68.50577pt x 24.08992pt.
[10]
File: ./figures/Header_Seite.png Graphic file (type png)
<use ./figures/Header_Seite.png>
Package pdftex.def Info: ./figures/Header_Seite.png  used on input line 259.
(pdftex.def)             Requested size: 68.50577pt x 24.08992pt.
 [11 <./../40_xx/figures/erd_irenaa.png>]
<./../40_xx/figures/ssl.png, id=334, 279.29344pt x 257.46187pt>
File: ./../40_xx/figures/ssl.png Graphic file (type png)
<use ./../40_xx/figures/ssl.png>
Package pdftex.def Info: ./../40_xx/figures/ssl.png  used on input line 264.
(pdftex.def)             Requested size: 264.61333pt x 243.93916pt.
<./../40_xx/figures/layout2.png, id=337, 1927.2pt x 1284.7197pt>
File: ./../40_xx/figures/layout2.png Graphic file (type png)
<use ./../40_xx/figures/layout2.png>
Package pdftex.def Info: ./../40_xx/figures/layout2.png  used on input line 273
.
(pdftex.def)             Requested size: 352.81552pt x 235.17981pt.
File: ./figures/Header_Seite.png Graphic file (type png)
<use ./figures/Header_Seite.png>
Package pdftex.def Info: ./figures/Header_Seite.png  used on input line 274.
(pdftex.def)             Requested size: 68.50577pt x 24.08992pt.
 [12 <./../40_xx/figures/ssl.png>]
<./../40_xx/figures/layout4.png, id=349, 1927.2pt x 1284.7197pt>
File: ./../40_xx/figures/layout4.png Graphic file (type png)
<use ./../40_xx/figures/layout4.png>
Package pdftex.def Info: ./../40_xx/figures/layout4.png  used on input line 279
.
(pdftex.def)             Requested size: 352.81552pt x 235.17981pt.

Underfull \hbox (badness 10000) in paragraph at lines 284--288

 []

File: ./figures/Header_Seite.png Graphic file (type png)
<use ./figures/Header_Seite.png>
Package pdftex.def Info: ./figures/Header_Seite.png  used on input line 288.
(pdftex.def)             Requested size: 68.50577pt x 24.08992pt.
[13 <./../40_xx/figures/layout2.png> <./../40_xx/figures/layout4.png>]
<./../40_xx/figures/kale.jpg, id=362, 472.01344pt x 60.97781pt>
File: ./../40_xx/figures/kale.jpg Graphic file (type jpg)
<use ./../40_xx/figures/kale.jpg>
Package pdftex.def Info: ./../40_xx/figures/kale.jpg  used on input line 290.
(pdftex.def)             Requested size: 352.81552pt x 45.5797pt.
<./../40_xx/figures/leereklassen.jpg, id=363, 319.94531pt x 17.31468pt>
File: ./../40_xx/figures/leereklassen.jpg Graphic file (type jpg)
<use ./../40_xx/figures/leereklassen.jpg>
Package pdftex.def Info: ./../40_xx/figures/leereklassen.jpg  used on input lin
e 296.
(pdftex.def)             Requested size: 308.71106pt x 16.70695pt.
<./../40_xx/figures/stundenplan.png, id=364, 1028.34187pt x 578.16pt>
File: ./../40_xx/figures/stundenplan.png Graphic file (type png)
<use ./../40_xx/figures/stundenplan.png>
Package pdftex.def Info: ./../40_xx/figures/stundenplan.png  used on input line
 302.
(pdftex.def)             Requested size: 529.21992pt x 297.5484pt.

Overfull \hbox (88.2022pt too wide) in paragraph at lines 302--303
 [] 
 []

File: ./figures/Header_Seite.png Graphic file (type png)
<use ./figures/Header_Seite.png>
Package pdftex.def Info: ./figures/Header_Seite.png  used on input line 303.
(pdftex.def)             Requested size: 68.50577pt x 24.08992pt.
[14 <./../40_xx/figures/kale.jpg> <./../40_xx/figures/leereklassen.jpg>]
File: ./figures/Header_Seite.png Graphic file (type png)
<use ./figures/Header_Seite.png>
Package pdftex.def Info: ./figures/Header_Seite.png  used on input line 314.
(pdftex.def)             Requested size: 68.50577pt x 24.08992pt.

[15 <./../40_xx/figures/stundenplan.png>]
LaTeX Font Info:    Trying to load font information for TS1+cmtt on input line 
317.

("C:\Users\USER\AppData\Local\Programs\MiKTeX 2.9\tex/latex/base\ts1cmtt.fd"
File: ts1cmtt.fd 2019/12/16 v2.5j Standard LaTeX font definitions
)
<./../40_xx/figures/offlinebetrieb1.jpg, id=378, 1011.78pt x 469.755pt>
File: ./../40_xx/figures/offlinebetrieb1.jpg Graphic file (type jpg)
<use ./../40_xx/figures/offlinebetrieb1.jpg>
Package pdftex.def Info: ./../40_xx/figures/offlinebetrieb1.jpg  used on input 
line 348.
(pdftex.def)             Requested size: 396.91325pt x 184.28606pt.
File: ./figures/Header_Seite.png Graphic file (type png)
<use ./figures/Header_Seite.png>
Package pdftex.def Info: ./figures/Header_Seite.png  used on input line 349.
(pdftex.def)             Requested size: 68.50577pt x 24.08992pt.

[16]
<./../40_xx/figures/offlinebetrieb2.jpg, id=407, 1010.27437pt x 545.03625pt>
File: ./../40_xx/figures/offlinebetrieb2.jpg Graphic file (type jpg)
<use ./../40_xx/figures/offlinebetrieb2.jpg>
Package pdftex.def Info: ./../40_xx/figures/offlinebetrieb2.jpg  used on input 
line 357.
(pdftex.def)             Requested size: 396.91325pt x 214.13512pt.
<./../40_xx/figures/offlinebetrieb3.jpg, id=408, 825.0825pt x 386.19281pt>
File: ./../40_xx/figures/offlinebetrieb3.jpg Graphic file (type jpg)
<use ./../40_xx/figures/offlinebetrieb3.jpg>
Package pdftex.def Info: ./../40_xx/figures/offlinebetrieb3.jpg  used on input 
line 366.
(pdftex.def)             Requested size: 396.91325pt x 185.78293pt.
File: ./figures/Header_Seite.png Graphic file (type png)
<use ./figures/Header_Seite.png>
Package pdftex.def Info: ./figures/Header_Seite.png  used on input line 367.
(pdftex.def)             Requested size: 68.50577pt x 24.08992pt.
 [17 <./../40_xx/figures/offlinebetrieb1.jpg> <./../40_xx/figures/offlinebetrie
b2.jpg>]
<./../40_xx/figures/offlinebetrieb4.jpg, id=417, 1008.01593pt x 454.69875pt>
File: ./../40_xx/figures/offlinebetrieb4.jpg Graphic file (type jpg)
<use ./../40_xx/figures/offlinebetrieb4.jpg>
Package pdftex.def Info: ./../40_xx/figures/offlinebetrieb4.jpg  used on input 
line 375.
(pdftex.def)             Requested size: 396.91325pt x 179.03857pt.
<./../40_xx/figures/offlinebetrieb5.jpg, id=419, 995.21812pt x 441.14813pt>
File: ./../40_xx/figures/offlinebetrieb5.jpg Graphic file (type jpg)
<use ./../40_xx/figures/offlinebetrieb5.jpg>
Package pdftex.def Info: ./../40_xx/figures/offlinebetrieb5.jpg  used on input 
line 384.
(pdftex.def)             Requested size: 396.91325pt x 175.9378pt.
File: ./figures/Header_Seite.png Graphic file (type png)
<use ./figures/Header_Seite.png>
Package pdftex.def Info: ./figures/Header_Seite.png  used on input line 385.
(pdftex.def)             Requested size: 68.50577pt x 24.08992pt.
 [18 <./../40_xx/figures/offlinebetrieb3.jpg> <./../40_xx/figures/offlinebetrie
b4.jpg>]
<./../40_xx/figures/offlinebetrieb6.jpg, id=428, 764.8575pt x 396.7322pt>
File: ./../40_xx/figures/offlinebetrieb6.jpg Graphic file (type jpg)
<use ./../40_xx/figures/offlinebetrieb6.jpg>
Package pdftex.def Info: ./../40_xx/figures/offlinebetrieb6.jpg  used on input 
line 393.
(pdftex.def)             Requested size: 396.91325pt x 205.87816pt.
<./../40_xx/figures/weather.jpeg, id=429, 540.0175pt x 269.005pt>
File: ./../40_xx/figures/weather.jpeg Graphic file (type jpg)
<use ./../40_xx/figures/weather.jpeg>
Package pdftex.def Info: ./../40_xx/figures/weather.jpeg  used on input line 40
5.
(pdftex.def)             Requested size: 308.71106pt x 153.78595pt.
File: ./figures/Header_Seite.png Graphic file (type png)
<use ./figures/Header_Seite.png>
Package pdftex.def Info: ./figures/Header_Seite.png  used on input line 406.
(pdftex.def)             Requested size: 68.50577pt x 24.08992pt.
 [19 <./../40_xx/figures/offlinebetrieb5.jpg> <./../40_xx/figures/offlinebetrie
b6.jpg>]
File: ./figures/Header_Seite.png Graphic file (type png)
<use ./figures/Header_Seite.png>
Package pdftex.def Info: ./figures/Header_Seite.png  used on input line 437.
(pdftex.def)             Requested size: 68.50577pt x 24.08992pt.
 [20 <./../40_xx/figures/weather.jpeg>]
File: ./figures/Header_Seite.png Graphic file (type png)
<use ./figures/Header_Seite.png>
Package pdftex.def Info: ./figures/Header_Seite.png  used on input line 450.
(pdftex.def)             Requested size: 68.50577pt x 24.08992pt.
 [21]
Underfull \hbox (badness 10000) in paragraph at lines 452--455

 []


Underfull \hbox (badness 10000) in paragraph at lines 457--458

 []

File: ./figures/Header_Seite.png Graphic file (type png)
<use ./figures/Header_Seite.png>
Package pdftex.def Info: ./figures/Header_Seite.png  used on input line 474.
(pdftex.def)             Requested size: 68.50577pt x 24.08992pt.
[22]
File: ./figures/Header_Seite.png Graphic file (type png)
<use ./figures/Header_Seite.png>
Package pdftex.def Info: ./figures/Header_Seite.png  used on input line 515.
(pdftex.def)             Requested size: 68.50577pt x 24.08992pt.
 [23]
File: ./figures/Header_Seite.png Graphic file (type png)
<use ./figures/Header_Seite.png>
Package pdftex.def Info: ./figures/Header_Seite.png  used on input line 557.
(pdftex.def)             Requested size: 68.50577pt x 24.08992pt.
 [24]
File: ./figures/Header_Seite.png Graphic file (type png)
<use ./figures/Header_Seite.png>
Package pdftex.def Info: ./figures/Header_Seite.png  used on input line 605.
(pdftex.def)             Requested size: 68.50577pt x 24.08992pt.
 [25]
<./../40_xx/figures/multilanguage.jpg, id=561, 407.27156pt x 142.28156pt>
File: ./../40_xx/figures/multilanguage.jpg Graphic file (type jpg)
<use ./../40_xx/figures/multilanguage.jpg>
Package pdftex.def Info: ./../40_xx/figures/multilanguage.jpg  used on input li
ne 641.
(pdftex.def)             Requested size: 411.64304pt x 143.81395pt.

Underfull \hbox (badness 10000) in paragraph at lines 636--642

 []


Overfull \hbox (2.61888pt too wide) in paragraph at lines 636--642
[] [] 
 []

File: ./figures/Header_Seite.png Graphic file (type png)
<use ./figures/Header_Seite.png>
Package pdftex.def Info: ./figures/Header_Seite.png  used on input line 642.
(pdftex.def)             Requested size: 68.50577pt x 24.08992pt.
[26]
<./../40_xx/figures/chatbotbildnew.jpeg, id=597, 1246.6575pt x 1065.9825pt>
File: ./../40_xx/figures/chatbotbildnew.jpeg Graphic file (type jpg)
<use ./../40_xx/figures/chatbotbildnew.jpeg>
Package pdftex.def Info: ./../40_xx/figures/chatbotbildnew.jpeg  used on input 
line 652.
(pdftex.def)             Requested size: 308.71106pt x 263.9738pt.
<./../40_xx/figures/chatbotbildnew1.jpeg, id=598, 1246.6575pt x 669.50125pt>
File: ./../40_xx/figures/chatbotbildnew1.jpeg Graphic file (type jpg)
<use ./../40_xx/figures/chatbotbildnew1.jpeg>
Package pdftex.def Info: ./../40_xx/figures/chatbotbildnew1.jpeg  used on input
 line 661.
(pdftex.def)             Requested size: 308.71106pt x 165.79146pt.
File: ./figures/Header_Seite.png Graphic file (type png)
<use ./figures/Header_Seite.png>
Package pdftex.def Info: ./figures/Header_Seite.png  used on input line 662.
(pdftex.def)             Requested size: 68.50577pt x 24.08992pt.
 [27 <./../40_xx/figures/multilanguage.jpg> <./../40_xx/figures/chatbotbildnew.
jpeg>]
<./../40_xx/figures/chatbotbildnew2.jpeg, id=605, 1246.6575pt x 427.5975pt>
File: ./../40_xx/figures/chatbotbildnew2.jpeg Graphic file (type jpg)
<use ./../40_xx/figures/chatbotbildnew2.jpeg>
Package pdftex.def Info: ./../40_xx/figures/chatbotbildnew2.jpeg  used on input
 line 670.
(pdftex.def)             Requested size: 308.71106pt x 105.88779pt.
<./../40_xx/figures/chatbotbildnew3.jpeg, id=606, 1246.6575pt x 311.1625pt>
File: ./../40_xx/figures/chatbotbildnew3.jpeg Graphic file (type jpg)
<use ./../40_xx/figures/chatbotbildnew3.jpeg>
Package pdftex.def Info: ./../40_xx/figures/chatbotbildnew3.jpeg  used on input
 line 679.
(pdftex.def)             Requested size: 308.71106pt x 77.05449pt.
<./../40_xx/figures/chatbotbildnew4.jpeg, id=607, 1246.6575pt x 323.2075pt>
File: ./../40_xx/figures/chatbotbildnew4.jpeg Graphic file (type jpg)
<use ./../40_xx/figures/chatbotbildnew4.jpeg>
Package pdftex.def Info: ./../40_xx/figures/chatbotbildnew4.jpeg  used on input
 line 688.
(pdftex.def)             Requested size: 308.71106pt x 80.03725pt.
File: ./figures/Header_Seite.png Graphic file (type png)
<use ./figures/Header_Seite.png>
Package pdftex.def Info: ./figures/Header_Seite.png  used on input line 689.
(pdftex.def)             Requested size: 68.50577pt x 24.08992pt.
 [28 <./../40_xx/figures/chatbotbildnew1.jpeg> <./../40_xx/figures/chatbotbildn
ew2.jpeg> <./../40_xx/figures/chatbotbildnew3.jpeg>]
<./../40_xx/figures/chatbotbildnew5.jpeg, id=617, 1246.6575pt x 288.07625pt>
File: ./../40_xx/figures/chatbotbildnew5.jpeg Graphic file (type jpg)
<use ./../40_xx/figures/chatbotbildnew5.jpeg>
Package pdftex.def Info: ./../40_xx/figures/chatbotbildnew5.jpeg  used on input
 line 697.
(pdftex.def)             Requested size: 308.71106pt x 71.33754pt.
<./../40_xx/figures/chatbotbildnew7.jpeg, id=618, 1246.6575pt x 304.13625pt>
File: ./../40_xx/figures/chatbotbildnew7.jpeg Graphic file (type jpg)
<use ./../40_xx/figures/chatbotbildnew7.jpeg>
Package pdftex.def Info: ./../40_xx/figures/chatbotbildnew7.jpeg  used on input
 line 706.
(pdftex.def)             Requested size: 308.71106pt x 75.31454pt.
<./../40_xx/figures/chatbotbildnew8.jpeg, id=619, 1246.6575pt x 258.9675pt>
File: ./../40_xx/figures/chatbotbildnew8.jpeg Graphic file (type jpg)
<use ./../40_xx/figures/chatbotbildnew8.jpeg>
Package pdftex.def Info: ./../40_xx/figures/chatbotbildnew8.jpeg  used on input
 line 715.
(pdftex.def)             Requested size: 308.71106pt x 64.12921pt.
<./../40_xx/figures/chatbotbildnew6.jpeg, id=620, 1158.3275pt x 1284.8pt>
File: ./../40_xx/figures/chatbotbildnew6.jpeg Graphic file (type jpg)
<use ./../40_xx/figures/chatbotbildnew6.jpeg>
Package pdftex.def Info: ./../40_xx/figures/chatbotbildnew6.jpeg  used on input
 line 725.
(pdftex.def)             Requested size: 264.61333pt x 293.49814pt.
File: ./figures/Header_Seite.png Graphic file (type png)
<use ./figures/Header_Seite.png>
Package pdftex.def Info: ./figures/Header_Seite.png  used on input line 726.
(pdftex.def)             Requested size: 68.50577pt x 24.08992pt.
 [29 <./../40_xx/figures/chatbotbildnew4.jpeg> <./../40_xx/figures/chatbotbildn
ew5.jpeg> <./../40_xx/figures/chatbotbildnew7.jpeg> <./../40_xx/figures/chatbot
bildnew8.jpeg>]
<./../40_xx/figures/chatbotbildunre6.jpeg, id=631, 1246.6575pt x 741.77126pt>
File: ./../40_xx/figures/chatbotbildunre6.jpeg Graphic file (type jpg)
<use ./../40_xx/figures/chatbotbildunre6.jpeg>
Package pdftex.def Info: ./../40_xx/figures/chatbotbildunre6.jpeg  used on inpu
t line 736.
(pdftex.def)             Requested size: 308.71106pt x 183.68799pt.
<./../40_xx/figures/chatbotbildunre5.jpeg, id=632, 1246.6575pt x 929.4725pt>
File: ./../40_xx/figures/chatbotbildunre5.jpeg Graphic file (type jpg)
<use ./../40_xx/figures/chatbotbildunre5.jpeg>
Package pdftex.def Info: ./../40_xx/figures/chatbotbildunre5.jpeg  used on inpu
t line 745.
(pdftex.def)             Requested size: 308.71106pt x 230.16925pt.
File: ./figures/Header_Seite.png Graphic file (type png)
<use ./figures/Header_Seite.png>
Package pdftex.def Info: ./figures/Header_Seite.png  used on input line 746.
(pdftex.def)             Requested size: 68.50577pt x 24.08992pt.

[30 <./../40_xx/figures/chatbotbildnew6.jpeg> <./../40_xx/figures/chatbotbildun
re6.jpeg>]
<./../40_xx/figures/chatbotbildunre4.jpeg, id=641, 1246.6575pt x 410.53375pt>
File: ./../40_xx/figures/chatbotbildunre4.jpeg Graphic file (type jpg)
<use ./../40_xx/figures/chatbotbildunre4.jpeg>
Package pdftex.def Info: ./../40_xx/figures/chatbotbildunre4.jpeg  used on inpu
t line 754.
(pdftex.def)             Requested size: 308.71106pt x 101.66222pt.
<./../40_xx/figures/chatbotbildunre3.jpeg, id=642, 1246.6575pt x 508.90125pt>
File: ./../40_xx/figures/chatbotbildunre3.jpeg Graphic file (type jpg)
<use ./../40_xx/figures/chatbotbildunre3.jpeg>
Package pdftex.def Info: ./../40_xx/figures/chatbotbildunre3.jpeg  used on inpu
t line 763.
(pdftex.def)             Requested size: 308.71106pt x 126.0214pt.
File: ./figures/Header_Seite.png Graphic file (type png)
<use ./figures/Header_Seite.png>
Package pdftex.def Info: ./figures/Header_Seite.png  used on input line 769.
(pdftex.def)             Requested size: 68.50577pt x 24.08992pt.
 [31 <./../40_xx/figures/chatbotbildunre5.jpeg> <./../40_xx/figures/chatbotbild
unre4.jpeg> <./../40_xx/figures/chatbotbildunre3.jpeg>]
<./../40_xx/figures/chatbotbildunre2.jpeg, id=651, 1246.6575pt x 392.46625pt>
File: ./../40_xx/figures/chatbotbildunre2.jpeg Graphic file (type jpg)
<use ./../40_xx/figures/chatbotbildunre2.jpeg>
Package pdftex.def Info: ./../40_xx/figures/chatbotbildunre2.jpeg  used on inpu
t line 772.
(pdftex.def)             Requested size: 308.71106pt x 97.18808pt.
<./../40_xx/figures/chatbotbild7.jpeg, id=652, 1246.6575pt x 537.00626pt>
File: ./../40_xx/figures/chatbotbild7.jpeg Graphic file (type jpg)
<use ./../40_xx/figures/chatbotbild7.jpeg>
Package pdftex.def Info: ./../40_xx/figures/chatbotbild7.jpeg  used on input li
ne 781.
(pdftex.def)             Requested size: 308.71106pt x 132.98116pt.
<./../40_xx/figures/chatbotipy.png, id=653, 659.46375pt x 303.38344pt>
File: ./../40_xx/figures/chatbotipy.png Graphic file (type png)
<use ./../40_xx/figures/chatbotipy.png>
Package pdftex.def Info: ./../40_xx/figures/chatbotipy.png  used on input line 
790.
(pdftex.def)             Requested size: 264.61333pt x 121.73544pt.
File: ./figures/Header_Seite.png Graphic file (type png)
<use ./figures/Header_Seite.png>
Package pdftex.def Info: ./figures/Header_Seite.png  used on input line 794.
(pdftex.def)             Requested size: 68.50577pt x 24.08992pt.
 [32 <./../40_xx/figures/chatbotbildunre2.jpeg> <./../40_xx/figures/chatbotbild
7.jpeg> <./../40_xx/figures/chatbotipy.png>]
<./../40_xx/figures/chatbotbildunre1.jpeg, id=663, 1228.59pt x 1284.8pt>
File: ./../40_xx/figures/chatbotbildunre1.jpeg Graphic file (type jpg)
<use ./../40_xx/figures/chatbotbildunre1.jpeg>
Package pdftex.def Info: ./../40_xx/figures/chatbotbildunre1.jpeg  used on inpu
t line 800.
(pdftex.def)             Requested size: 264.61333pt x 276.71672pt.
<./../40_xx/figures/chat1.jpeg, id=664, 1246.6575pt x 790.955pt>
File: ./../40_xx/figures/chat1.jpeg Graphic file (type jpg)
<use ./../40_xx/figures/chat1.jpeg>
Package pdftex.def Info: ./../40_xx/figures/chat1.jpeg  used on input line 810.

(pdftex.def)             Requested size: 308.71106pt x 195.86757pt.
File: ./figures/Header_Seite.png Graphic file (type png)
<use ./figures/Header_Seite.png>
Package pdftex.def Info: ./figures/Header_Seite.png  used on input line 814.
(pdftex.def)             Requested size: 68.50577pt x 24.08992pt.
 [33 <./../40_xx/figures/chatbotbildunre1.jpeg> <./../40_xx/figures/chat1.jpeg>
]
<./../40_xx/figures/chat.jpeg, id=672, 467.49657pt x 113.67468pt>
File: ./../40_xx/figures/chat.jpeg Graphic file (type jpg)
<use ./../40_xx/figures/chat.jpeg>
Package pdftex.def Info: ./../40_xx/figures/chat.jpeg  used on input line 820.
(pdftex.def)             Requested size: 308.71106pt x 75.06888pt.
<./../40_xx/figures/chat2.jpeg, id=673, 1246.6575pt x 1062.97125pt>
File: ./../40_xx/figures/chat2.jpeg Graphic file (type jpg)
<use ./../40_xx/figures/chat2.jpeg>
Package pdftex.def Info: ./../40_xx/figures/chat2.jpeg  used on input line 829.

(pdftex.def)             Requested size: 264.61333pt x 225.61484pt.
<./../40_xx/figures/notfalllll.jpeg, id=674, 931.48pt x 244.915pt>
File: ./../40_xx/figures/notfalllll.jpeg Graphic file (type jpg)
<use ./../40_xx/figures/notfalllll.jpeg>
Package pdftex.def Info: ./../40_xx/figures/notfalllll.jpeg  used on input line
 838.
(pdftex.def)             Requested size: 308.71106pt x 81.16974pt.
<./../40_xx/figures/nota.jpeg, id=675, 1150.2975pt x 1284.8pt>
File: ./../40_xx/figures/nota.jpeg Graphic file (type jpg)
<use ./../40_xx/figures/nota.jpeg>
Package pdftex.def Info: ./../40_xx/figures/nota.jpeg  used on input line 848.
(pdftex.def)             Requested size: 264.61333pt x 295.5566pt.
File: ./figures/Header_Seite.png Graphic file (type png)
<use ./figures/Header_Seite.png>
Package pdftex.def Info: ./figures/Header_Seite.png  used on input line 849.
(pdftex.def)             Requested size: 68.50577pt x 24.08992pt.
 [34 <./../40_xx/figures/chat.jpeg> <./../40_xx/figures/chat2.jpeg> <./../40_xx
/figures/notfalllll.jpeg>]
<./../40_xx/figures/blocked.jpeg, id=685, 1060.96375pt x 1284.8pt>
File: ./../40_xx/figures/blocked.jpeg Graphic file (type jpg)
<use ./../40_xx/figures/blocked.jpeg>
Package pdftex.def Info: ./../40_xx/figures/blocked.jpeg  used on input line 85
8.
(pdftex.def)             Requested size: 264.61333pt x 320.43463pt.
File: ./figures/Header_Seite.png Graphic file (type png)
<use ./figures/Header_Seite.png>
Package pdftex.def Info: ./figures/Header_Seite.png  used on input line 859.
(pdftex.def)             Requested size: 68.50577pt x 24.08992pt.
 [35 <./../40_xx/figures/nota.jpeg>]
<./../40_xx/figures/aky.jpeg, id=692, 1246.6575pt x 937.5025pt>
File: ./../40_xx/figures/aky.jpeg Graphic file (type jpg)
<use ./../40_xx/figures/aky.jpeg>
Package pdftex.def Info: ./../40_xx/figures/aky.jpeg  used on input line 868.
(pdftex.def)             Requested size: 308.71106pt x 232.15775pt.
File: ./figures/Header_Seite.png Graphic file (type png)
<use ./figures/Header_Seite.png>
Package pdftex.def Info: ./figures/Header_Seite.png  used on input line 869.
(pdftex.def)             Requested size: 68.50577pt x 24.08992pt.
 [36 <./../40_xx/figures/blocked.jpeg>]
Underfull \hbox (badness 6592) in paragraph at lines 872--872
[]\OT1/cmr/bx/n/17.28 Probleme, Her-aus-for-de-run-gen und de-ren
 []

File: ./figures/Header_Seite.png Graphic file (type png)
<use ./figures/Header_Seite.png>
Package pdftex.def Info: ./figures/Header_Seite.png  used on input line 882.
(pdftex.def)             Requested size: 68.50577pt x 24.08992pt.
[37 <./../40_xx/figures/aky.jpeg>]
File: ./figures/Header_Seite.png Graphic file (type png)
<use ./figures/Header_Seite.png>
Package pdftex.def Info: ./figures/Header_Seite.png  used on input line 899.
(pdftex.def)             Requested size: 68.50577pt x 24.08992pt.
 [38]
File: ./figures/Header_Seite.png Graphic file (type png)
<use ./figures/Header_Seite.png>
Package pdftex.def Info: ./figures/Header_Seite.png  used on input line 942.
(pdftex.def)             Requested size: 68.50577pt x 24.08992pt.
 [39]
File: ./figures/Header_Seite.png Graphic file (type png)
<use ./figures/Header_Seite.png>
Package pdftex.def Info: ./figures/Header_Seite.png  used on input line 980.
(pdftex.def)             Requested size: 68.50577pt x 24.08992pt.
 [40]
Underfull \hbox (badness 10000) in paragraph at lines 990--991

 []

File: ./figures/Header_Seite.png Graphic file (type png)
<use ./figures/Header_Seite.png>
Package pdftex.def Info: ./figures/Header_Seite.png  used on input line 1018.
(pdftex.def)             Requested size: 68.50577pt x 24.08992pt.
[41]) (_Doc_App.tex)
File: ./figures/Header_Seite.png Graphic file (type png)
<use ./figures/Header_Seite.png>
Package pdftex.def Info: ./figures/Header_Seite.png  used on input line 107.
(pdftex.def)             Requested size: 68.50577pt x 24.08992pt.
 [42] (Master.lof [43


])
\tf@lof=\write7
\openout7 = `Master.lof'.

File: ./figures/Header_Seite.png Graphic file (type png)
<use ./figures/Header_Seite.png>
Package pdftex.def Info: ./figures/Header_Seite.png  used on input line 113.
(pdftex.def)             Requested size: 68.50577pt x 24.08992pt.
 [44] (Master.lot)
\tf@lot=\write8
\openout8 = `Master.lot'.

 [45

]

Package biblatex Warning: Type 'masterthesis' not found on input line 116.


LaTeX Warning: Empty bibliography on input line 116.


Package biblatex Warning: Type 'book' not found on input line 117.


LaTeX Warning: Empty bibliography on input line 117.


Package biblatex Warning: Type 'report' not found on input line 118.


LaTeX Warning: Empty bibliography on input line 118.


Underfull \hbox (badness 1189) in paragraph at lines 119--119
[]\OT1/cmr/m/n/12 Computer Wo-che. \OT1/cmr/m/sc/12 url\OT1/cmr/m/n/12 : []$\OT
1/cmtt/m/n/12 https : / / core . telegram . org/$[] \OT1/cmr/m/n/12 (be-sucht a
m
 []


LaTeX Warning: Empty bibliography on input line 120.


AED: lastpage setting LastPage
[46

]
Package atveryend Info: Empty hook `BeforeClearDocument' on input line 122.
Package atveryend Info: Empty hook `AfterLastShipout' on input line 122.
 (Master.aux)
Package atveryend Info: Executing hook `AtVeryEndDocument' on input line 122.
Package atveryend Info: Executing hook `AtEndAfterFileList' on input line 122.
Package rerunfilecheck Info: File `Master.out' has not changed.
(rerunfilecheck)             Checksum: BED133E12B884F501330B2660E0E8550;2319.


LaTeX Font Warning: Some font shapes were not available, defaults substituted.

Package logreq Info: Writing requests to 'Master.run.xml'.
\openout1 = `Master.run.xml'.

 ) 
Here is how much of TeX's memory you used:
 23469 strings out of 481277
 436100 string characters out of 2907010
 1267262 words of memory out of 3000000
 38252 multiletter control sequences out of 15000+200000
 542082 words of font info for 59 fonts, out of 3000000 for 9000
 1143 hyphenation exceptions out of 8191
 59i,17n,122p,1205b,3387s stack positions out of 5000i,500n,10000p,200000b,50000s
 <C:\Users\USER\AppData\Local\MiKTeX\2.9\fonts/pk/ljfour/jknappen/ec/dpi600\t
ctt1000.pk> <C:\Users\USER\AppData\Local\MiKTeX\2.9\fonts/pk/ljfour/jknappen/ec
/dpi600\tcrm1200.pk><C:/Users/USER/AppData/Local/Programs/MiKTeX 2.9/fonts/type
1/public/amsfonts/cm/cmbx12.pfb><C:/Users/USER/AppData/Local/Programs/MiKTeX 2.
9/fonts/type1/public/amsfonts/cm/cmcsc10.pfb><C:/Users/USER/AppData/Local/Progr
ams/MiKTeX 2.9/fonts/type1/public/amsfonts/cm/cmitt10.pfb><C:/Users/USER/AppDat
a/Local/Programs/MiKTeX 2.9/fonts/type1/public/amsfonts/cm/cmr10.pfb><C:/Users/
USER/AppData/Local/Programs/MiKTeX 2.9/fonts/type1/public/amsfonts/cm/cmr12.pfb
><C:/Users/USER/AppData/Local/Programs/MiKTeX 2.9/fonts/type1/public/amsfonts/c
m/cmr6.pfb><C:/Users/USER/AppData/Local/Programs/MiKTeX 2.9/fonts/type1/public/
amsfonts/cm/cmr7.pfb><C:/Users/USER/AppData/Local/Programs/MiKTeX 2.9/fonts/typ
e1/public/amsfonts/cm/cmr8.pfb><C:/Users/USER/AppData/Local/Programs/MiKTeX 2.9
/fonts/type1/public/amsfonts/cm/cmsl12.pfb><C:/Users/USER/AppData/Local/Program
s/MiKTeX 2.9/fonts/type1/public/amsfonts/cm/cmtt10.pfb><C:/Users/USER/AppData/L
ocal/Programs/MiKTeX 2.9/fonts/type1/public/amsfonts/cm/cmtt12.pfb>
Output written on Master.pdf (49 pages, 4209960 bytes).
PDF statistics:
 933 PDF objects out of 1000 (max. 8388607)
 324 named destinations out of 1000 (max. 500000)
 459 words of extra memory for PDF output out of 10000 (max. 10000000)

